<?xml version="1.0" encoding="UTF-8"?>
<TestRun id="624fb84b-501c-4bac-a314-9d86e0550ef6" name="Gary@GARY-PC 2010-01-24 23:51:52" runUser="Gary-PC\Gary" xmlns="http://microsoft.com/schemas/VisualStudio/TeamTest/2006">
  <TestRunConfiguration name="Default Run Configuration" id="73899d3b-f98e-4812-8225-e60a2b89fee8">
    <Deployment runDeploymentRoot="C:\Projects\GMSBlog\TestResults\Gary_GARY-PC 2010-01-24 23_51_52">
      <DeploymentItem filename="C:\Projects\GMSBlog\GMSBlog.Service\bin\Debug\GMSBlog.Service.dll" />
      <DeploymentItem filename="C:\Projects\Fluent NHibernate\NHibernate.dll" />
      <DeploymentItem filename="C:\Projects\GMSBlog\GMSBlog.Web\bin\GMSBlog.Web.dll" />
      <DeploymentItem filename="C:\Projects\Fluent NHibernate\FluentNHibernate.dll" />
      <DeploymentItem filename="C:\Projects\Fluent NHibernate\Iesi.Collections.dll" />
      <DeploymentItem filename="C:\Projects\Fluent NHibernate\NHibernate.ByteCode.Castle.dll" />
      <DeploymentItem filename="C:\Projects\GMSBlog\GMSBlog.Web.Tests\bin\Debug\Moq.dll" />
      <DeploymentItem filename="C:\Projects\Fluent NHibernate\Antlr3.Runtime.dll" />
      <DeploymentItem filename="C:\Projects\Fluent NHibernate\Castle.DynamicProxy2.dll" />
      <DeploymentItem filename="C:\Projects\Fluent NHibernate\log4net.dll" />
      <DeploymentItem filename="C:\Projects\GMSBlog\GMSBlog.Web.Tests\bin\Debug\StructureMap.dll" />
      <DeploymentItem filename="C:\Projects\Fluent NHibernate\Castle.Core.dll" />
      <DeploymentItem filename="C:\Projects\GMSBlog\GMSBlog.Model\bin\Debug\GMSBlog.Model.dll" />
      <DeploymentItem filename="C:\Projects\Fluent NHibernate\NHibernate.LambdaExtensions.dll" />
    </Deployment>
    <Hosts skipUnhostableTests="false" />
    <TestTypeSpecific />
  </TestRunConfiguration>
  <ResultSummary outcome="Completed">
    <Counters total="155" executed="155" passed="155" error="0" failed="0" timeout="0" aborted="0" inconclusive="0" passedButRunAborted="0" notRunnable="0" notExecuted="0" disconnected="0" warning="0" completed="0" inProgress="0" pending="0" />
  </ResultSummary>
  <Times creation="2010-01-24T23:51:52.0361000+00:00" queuing="2010-01-24T23:51:56.6413634+00:00" start="2010-01-24T23:51:57.3294028+00:00" finish="2010-01-24T23:52:19.5206721+00:00" />
  <TestDefinitions>
    <UnitTest name="Can_Load_Many_Saved_Categories_Paged" storage="c:\projects\gmsblog\gmsblog.service.tests\bin\debug\gmsblog.service.tests.dll" id="6c7726a1-ef27-19d4-2e95-1c8461e81d0b">
      <Css projectStructure="" iteration="" />
      <Owners>
        <Owner name="" />
      </Owners>
      <Execution id="b89a8bf2-381c-4b83-85d8-8b42ea565e93" />
      <TestMethod codeBase="C:\Projects\GMSBlog\GMSBlog.Service.Tests\bin\Debug\GMSBlog.Service.Tests.dll" adapterTypeName="Microsoft.VisualStudio.TestTools.TestTypes.Unit.UnitTestAdapter, Microsoft.VisualStudio.QualityTools.Tips.UnitTest.Adapter, Version=9.0.0.0, Culture=neutral, PublicKeyToken=b03f5f7f11d50a3a" className="GMSBlog.Service.Tests.NHibernateServiceTests, GMSBlog.Service.Tests" name="Can_Load_Many_Saved_Categories_Paged" />
    </UnitTest>
    <UnitTest name="AdminController_Has_A_Delete_Post_Post_Method_Which_Redirects_To_Posts" storage="c:\projects\gmsblog\gmsblog.web.tests\bin\debug\gmsblog.web.tests.dll" id="11c5a0ec-df2c-6c93-4de9-3164b7bb9583">
      <Css projectStructure="" iteration="" />
      <Owners>
        <Owner name="" />
      </Owners>
      <Execution id="2c3d976f-58e0-4df7-9e02-ebdd0a265be1" />
      <TestMethod codeBase="C:\Projects\GMSBlog\GMSBlog.Web.Tests\bin\Debug\GMSBlog.Web.Tests.dll" adapterTypeName="Microsoft.VisualStudio.TestTools.TestTypes.Unit.UnitTestAdapter, Microsoft.VisualStudio.QualityTools.Tips.UnitTest.Adapter, Version=9.0.0.0, Culture=neutral, PublicKeyToken=b03f5f7f11d50a3a" className="GMSBlog.Web.Tests.Controllers.AdminControllerTests, GMSBlog.Web.Tests" name="AdminController_Has_A_Delete_Post_Post_Method_Which_Redirects_To_Posts" />
    </UnitTest>
    <UnitTest name="BaseBlogController_Contains_Categories_ViewData" storage="c:\projects\gmsblog\gmsblog.web.tests\bin\debug\gmsblog.web.tests.dll" id="65bb390b-94e4-492c-24fe-836546b3a480">
      <Css projectStructure="" iteration="" />
      <Owners>
        <Owner name="" />
      </Owners>
      <Execution id="d718ba74-406e-4a37-a135-6f374f78a0a1" />
      <TestMethod codeBase="C:\Projects\GMSBlog\GMSBlog.Web.Tests\bin\Debug\GMSBlog.Web.Tests.dll" adapterTypeName="Microsoft.VisualStudio.TestTools.TestTypes.Unit.UnitTestAdapter, Microsoft.VisualStudio.QualityTools.Tips.UnitTest.Adapter, Version=9.0.0.0, Culture=neutral, PublicKeyToken=b03f5f7f11d50a3a" className="GMSBlog.Web.Tests.Controllers.BaseBlogControllerTests, GMSBlog.Web.Tests" name="BaseBlogController_Contains_Categories_ViewData" />
    </UnitTest>
    <UnitTest name="Post_Should_Have_List_Of_Comments" storage="c:\projects\gmsblog\gmsblog.model.tests\bin\debug\gmsblog.model.tests.dll" id="6c5973bd-1843-8e16-7873-8594f1b98836">
      <Css projectStructure="" iteration="" />
      <Owners>
        <Owner name="" />
      </Owners>
      <Execution id="d4011e00-2dd0-4a00-9d43-cce30051cd99" />
      <TestMethod codeBase="C:\Projects\GMSBlog\GMSBlog.Model.Tests\bin\Debug\GMSBlog.Model.Tests.dll" adapterTypeName="Microsoft.VisualStudio.TestTools.TestTypes.Unit.UnitTestAdapter, Microsoft.VisualStudio.QualityTools.Tips.UnitTest.Adapter, Version=9.0.0.0, Culture=neutral, PublicKeyToken=b03f5f7f11d50a3a" className="GMSBlog.Model.Tests.PostTests, GMSBlog.Model.Tests" name="Post_Should_Have_List_Of_Comments" />
    </UnitTest>
    <UnitTest name="AdminController_Has_A_Delete_Category_Post_Method_Which_On_Success_Redirects_To_Categories" storage="c:\projects\gmsblog\gmsblog.web.tests\bin\debug\gmsblog.web.tests.dll" id="6461f111-a40f-6f7d-4a33-95e14441dc08">
      <Css projectStructure="" iteration="" />
      <Owners>
        <Owner name="" />
      </Owners>
      <Execution id="dddb43a3-980c-4d66-b6f6-d8fb06e241f2" />
      <TestMethod codeBase="C:\Projects\GMSBlog\GMSBlog.Web.Tests\bin\Debug\GMSBlog.Web.Tests.dll" adapterTypeName="Microsoft.VisualStudio.TestTools.TestTypes.Unit.UnitTestAdapter, Microsoft.VisualStudio.QualityTools.Tips.UnitTest.Adapter, Version=9.0.0.0, Culture=neutral, PublicKeyToken=b03f5f7f11d50a3a" className="GMSBlog.Web.Tests.Controllers.AdminControllerTests, GMSBlog.Web.Tests" name="AdminController_Has_A_Delete_Category_Post_Method_Which_On_Success_Redirects_To_Categories" />
    </UnitTest>
    <UnitTest name="Post_Contains_Content" storage="c:\projects\gmsblog\gmsblog.model.tests\bin\debug\gmsblog.model.tests.dll" id="eb0a8b84-8e4d-1602-2b37-e8b444b0ac49">
      <Css projectStructure="" iteration="" />
      <Owners>
        <Owner name="" />
      </Owners>
      <Execution id="b69d2971-5483-40f2-8cb3-0fdbf23e2e31" />
      <TestMethod codeBase="C:\Projects\GMSBlog\GMSBlog.Model.Tests\bin\Debug\GMSBlog.Model.Tests.dll" adapterTypeName="Microsoft.VisualStudio.TestTools.TestTypes.Unit.UnitTestAdapter, Microsoft.VisualStudio.QualityTools.Tips.UnitTest.Adapter, Version=9.0.0.0, Culture=neutral, PublicKeyToken=b03f5f7f11d50a3a" className="GMSBlog.Model.Tests.PostTests, GMSBlog.Model.Tests" name="Post_Contains_Content" />
    </UnitTest>
    <UnitTest name="Can_Delete_Comment" storage="c:\projects\gmsblog\gmsblog.service.tests\bin\debug\gmsblog.service.tests.dll" id="dbaa9a82-0cb8-738e-e1b8-c1671d6ac157">
      <Css projectStructure="" iteration="" />
      <Owners>
        <Owner name="" />
      </Owners>
      <Execution id="cc923b33-14c1-461a-9060-2761e2864749" />
      <TestMethod codeBase="C:\Projects\GMSBlog\GMSBlog.Service.Tests\bin\Debug\GMSBlog.Service.Tests.dll" adapterTypeName="Microsoft.VisualStudio.TestTools.TestTypes.Unit.UnitTestAdapter, Microsoft.VisualStudio.QualityTools.Tips.UnitTest.Adapter, Version=9.0.0.0, Culture=neutral, PublicKeyToken=b03f5f7f11d50a3a" className="GMSBlog.Service.Tests.NHibernateServiceTests, GMSBlog.Service.Tests" name="Can_Delete_Comment" />
    </UnitTest>
    <UnitTest name="Post_Contains_Summary" storage="c:\projects\gmsblog\gmsblog.model.tests\bin\debug\gmsblog.model.tests.dll" id="0d1c57f2-ade9-a9c4-3190-14e17a4d4b91">
      <Css projectStructure="" iteration="" />
      <Owners>
        <Owner name="" />
      </Owners>
      <Execution id="2eb5af93-ea89-4d01-a090-80e7b7831a5c" />
      <TestMethod codeBase="C:\Projects\GMSBlog\GMSBlog.Model.Tests\bin\Debug\GMSBlog.Model.Tests.dll" adapterTypeName="Microsoft.VisualStudio.TestTools.TestTypes.Unit.UnitTestAdapter, Microsoft.VisualStudio.QualityTools.Tips.UnitTest.Adapter, Version=9.0.0.0, Culture=neutral, PublicKeyToken=b03f5f7f11d50a3a" className="GMSBlog.Model.Tests.PostTests, GMSBlog.Model.Tests" name="Post_Contains_Summary" />
    </UnitTest>
    <UnitTest name="Post_Should_Have_List_Of_Categories" storage="c:\projects\gmsblog\gmsblog.model.tests\bin\debug\gmsblog.model.tests.dll" id="c5769845-8acf-3235-bd3e-8630e18336b7">
      <Css projectStructure="" iteration="" />
      <Owners>
        <Owner name="" />
      </Owners>
      <Execution id="acd96bac-0e83-43bb-b601-bc627314f919" />
      <TestMethod codeBase="C:\Projects\GMSBlog\GMSBlog.Model.Tests\bin\Debug\GMSBlog.Model.Tests.dll" adapterTypeName="Microsoft.VisualStudio.TestTools.TestTypes.Unit.UnitTestAdapter, Microsoft.VisualStudio.QualityTools.Tips.UnitTest.Adapter, Version=9.0.0.0, Culture=neutral, PublicKeyToken=b03f5f7f11d50a3a" className="GMSBlog.Model.Tests.PostTests, GMSBlog.Model.Tests" name="Post_Should_Have_List_Of_Categories" />
    </UnitTest>
    <UnitTest name="Can_Return_Published_Posts" storage="c:\projects\gmsblog\gmsblog.service.tests\bin\debug\gmsblog.service.tests.dll" id="0b72160b-08fb-9f8e-773c-a6a60e317061">
      <Css projectStructure="" iteration="" />
      <Owners>
        <Owner name="" />
      </Owners>
      <Execution id="6b4ab007-5df6-4cf2-a66e-0b2103c83fb4" />
      <TestMethod codeBase="C:\Projects\GMSBlog\GMSBlog.Service.Tests\bin\Debug\GMSBlog.Service.Tests.dll" adapterTypeName="Microsoft.VisualStudio.TestTools.TestTypes.Unit.UnitTestAdapter, Microsoft.VisualStudio.QualityTools.Tips.UnitTest.Adapter, Version=9.0.0.0, Culture=neutral, PublicKeyToken=b03f5f7f11d50a3a" className="GMSBlog.Service.Tests.NHibernateServiceTests, GMSBlog.Service.Tests" name="Can_Return_Published_Posts" />
    </UnitTest>
    <UnitTest name="Will_Fail_Saving_An_Invalid_Post" storage="c:\projects\gmsblog\gmsblog.service.tests\bin\debug\gmsblog.service.tests.dll" id="83fb3131-3719-cfb6-920e-0938c396d980">
      <Css projectStructure="" iteration="" />
      <Owners>
        <Owner name="" />
      </Owners>
      <Execution id="d0d13254-a7e5-4f44-bc88-6251f040fb4b" />
      <TestMethod codeBase="C:\Projects\GMSBlog\GMSBlog.Service.Tests\bin\Debug\GMSBlog.Service.Tests.dll" adapterTypeName="Microsoft.VisualStudio.TestTools.TestTypes.Unit.UnitTestAdapter, Microsoft.VisualStudio.QualityTools.Tips.UnitTest.Adapter, Version=9.0.0.0, Culture=neutral, PublicKeyToken=b03f5f7f11d50a3a" className="GMSBlog.Service.Tests.NHibernateServiceTests, GMSBlog.Service.Tests" name="Will_Fail_Saving_An_Invalid_Post" />
    </UnitTest>
    <UnitTest name="AdminController_Has_An_Add_Category_Get_Method" storage="c:\projects\gmsblog\gmsblog.web.tests\bin\debug\gmsblog.web.tests.dll" id="aa59bd0e-9779-270d-ad10-ecb79f6895b8">
      <Css projectStructure="" iteration="" />
      <Owners>
        <Owner name="" />
      </Owners>
      <Execution id="9fadc13d-a6a7-4036-8dcd-f3ed9df98481" />
      <TestMethod codeBase="C:\Projects\GMSBlog\GMSBlog.Web.Tests\bin\Debug\GMSBlog.Web.Tests.dll" adapterTypeName="Microsoft.VisualStudio.TestTools.TestTypes.Unit.UnitTestAdapter, Microsoft.VisualStudio.QualityTools.Tips.UnitTest.Adapter, Version=9.0.0.0, Culture=neutral, PublicKeyToken=b03f5f7f11d50a3a" className="GMSBlog.Web.Tests.Controllers.AdminControllerTests, GMSBlog.Web.Tests" name="AdminController_Has_An_Add_Category_Get_Method" />
    </UnitTest>
    <UnitTest name="Can_Return_Published_Post_By_Id" storage="c:\projects\gmsblog\gmsblog.service.tests\bin\debug\gmsblog.service.tests.dll" id="ba89cabf-27a8-2ac5-eea9-9a8e655afd16">
      <Css projectStructure="" iteration="" />
      <Owners>
        <Owner name="" />
      </Owners>
      <Execution id="3cbe919e-b4f2-4dd9-8d5e-7f0727484273" />
      <TestMethod codeBase="C:\Projects\GMSBlog\GMSBlog.Service.Tests\bin\Debug\GMSBlog.Service.Tests.dll" adapterTypeName="Microsoft.VisualStudio.TestTools.TestTypes.Unit.UnitTestAdapter, Microsoft.VisualStudio.QualityTools.Tips.UnitTest.Adapter, Version=9.0.0.0, Culture=neutral, PublicKeyToken=b03f5f7f11d50a3a" className="GMSBlog.Service.Tests.NHibernateServiceTests, GMSBlog.Service.Tests" name="Can_Return_Published_Post_By_Id" />
    </UnitTest>
    <UnitTest name="AdminController_Has_An_Add_Post_Get_Method_Which_Has_A_Post_Model" storage="c:\projects\gmsblog\gmsblog.web.tests\bin\debug\gmsblog.web.tests.dll" id="36baf8ed-0b95-ee42-46f9-f444f3daec77">
      <Css projectStructure="" iteration="" />
      <Owners>
        <Owner name="" />
      </Owners>
      <Execution id="e6a732b9-f5cd-44dd-a91e-ac44c295e2a2" />
      <TestMethod codeBase="C:\Projects\GMSBlog\GMSBlog.Web.Tests\bin\Debug\GMSBlog.Web.Tests.dll" adapterTypeName="Microsoft.VisualStudio.TestTools.TestTypes.Unit.UnitTestAdapter, Microsoft.VisualStudio.QualityTools.Tips.UnitTest.Adapter, Version=9.0.0.0, Culture=neutral, PublicKeyToken=b03f5f7f11d50a3a" className="GMSBlog.Web.Tests.Controllers.AdminControllerTests, GMSBlog.Web.Tests" name="AdminController_Has_An_Add_Post_Get_Method_Which_Has_A_Post_Model" />
    </UnitTest>
    <UnitTest name="Comment_Has_Name" storage="c:\projects\gmsblog\gmsblog.model.tests\bin\debug\gmsblog.model.tests.dll" id="b620bd76-7069-02cb-090e-e53e588dd531">
      <Css projectStructure="" iteration="" />
      <Owners>
        <Owner name="" />
      </Owners>
      <Execution id="87d496b3-90d0-4a7d-936f-941d72b70edd" />
      <TestMethod codeBase="C:\Projects\GMSBlog\GMSBlog.Model.Tests\bin\Debug\GMSBlog.Model.Tests.dll" adapterTypeName="Microsoft.VisualStudio.TestTools.TestTypes.Unit.UnitTestAdapter, Microsoft.VisualStudio.QualityTools.Tips.UnitTest.Adapter, Version=9.0.0.0, Culture=neutral, PublicKeyToken=b03f5f7f11d50a3a" className="GMSBlog.Model.Tests.CommentTests, GMSBlog.Model.Tests" name="Comment_Has_Name" />
    </UnitTest>
    <UnitTest name="Can_Retrieve_Many_Saved_Posts" storage="c:\projects\gmsblog\gmsblog.service.tests\bin\debug\gmsblog.service.tests.dll" id="69fa230c-3408-590a-f030-bfc14a185416">
      <Css projectStructure="" iteration="" />
      <Owners>
        <Owner name="" />
      </Owners>
      <Execution id="a12fc726-54ff-47af-8842-f51d98f7934c" />
      <TestMethod codeBase="C:\Projects\GMSBlog\GMSBlog.Service.Tests\bin\Debug\GMSBlog.Service.Tests.dll" adapterTypeName="Microsoft.VisualStudio.TestTools.TestTypes.Unit.UnitTestAdapter, Microsoft.VisualStudio.QualityTools.Tips.UnitTest.Adapter, Version=9.0.0.0, Culture=neutral, PublicKeyToken=b03f5f7f11d50a3a" className="GMSBlog.Service.Tests.NHibernateServiceTests, GMSBlog.Service.Tests" name="Can_Retrieve_Many_Saved_Posts" />
    </UnitTest>
    <UnitTest name="HomeController_Has_A_Post_Method_Which_Accepts_An_Id_And_Returns_The_Post_With_That_Id_And_Can_Get_Comments" storage="c:\projects\gmsblog\gmsblog.web.tests\bin\debug\gmsblog.web.tests.dll" id="624b32c2-4d3d-a18e-541c-e970926b1f8d">
      <Css projectStructure="" iteration="" />
      <Owners>
        <Owner name="" />
      </Owners>
      <Execution id="5481dd6f-3364-4e25-9c5e-2ba1287c3af5" />
      <TestMethod codeBase="C:\Projects\GMSBlog\GMSBlog.Web.Tests\bin\Debug\GMSBlog.Web.Tests.dll" adapterTypeName="Microsoft.VisualStudio.TestTools.TestTypes.Unit.UnitTestAdapter, Microsoft.VisualStudio.QualityTools.Tips.UnitTest.Adapter, Version=9.0.0.0, Culture=neutral, PublicKeyToken=b03f5f7f11d50a3a" className="GMSBlog.Web.Tests.Controllers.HomeControllerTests, GMSBlog.Web.Tests" name="HomeController_Has_A_Post_Method_Which_Accepts_An_Id_And_Returns_The_Post_With_That_Id_And_Can_Get_Comments" />
    </UnitTest>
    <UnitTest name="Javascript_Returns_Valid_Output" storage="c:\projects\gmsblog\gmsblog.web.tests\bin\debug\gmsblog.web.tests.dll" id="fee823ff-49d0-3845-64a4-002e90fa9070">
      <Css projectStructure="" iteration="" />
      <Owners>
        <Owner name="" />
      </Owners>
      <Execution id="ae26ec70-2fe8-4178-8bda-7a3bf4c22c37" />
      <TestMethod codeBase="C:\Projects\GMSBlog\GMSBlog.Web.Tests\bin\Debug\GMSBlog.Web.Tests.dll" adapterTypeName="Microsoft.VisualStudio.TestTools.TestTypes.Unit.UnitTestAdapter, Microsoft.VisualStudio.QualityTools.Tips.UnitTest.Adapter, Version=9.0.0.0, Culture=neutral, PublicKeyToken=b03f5f7f11d50a3a" className="GMSBlog.Web.Tests.Helpers.ContentLinkHelperTests, GMSBlog.Web.Tests" name="Javascript_Returns_Valid_Output" />
    </UnitTest>
    <UnitTest name="Category_Can_Have_Posts_Assigned" storage="c:\projects\gmsblog\gmsblog.model.tests\bin\debug\gmsblog.model.tests.dll" id="47f90e3c-8f48-55be-236e-3f64952a87ab">
      <Css projectStructure="" iteration="" />
      <Owners>
        <Owner name="" />
      </Owners>
      <Execution id="e821cca3-8b89-4804-aaec-fc60f59d2265" />
      <TestMethod codeBase="C:\Projects\GMSBlog\GMSBlog.Model.Tests\bin\Debug\GMSBlog.Model.Tests.dll" adapterTypeName="Microsoft.VisualStudio.TestTools.TestTypes.Unit.UnitTestAdapter, Microsoft.VisualStudio.QualityTools.Tips.UnitTest.Adapter, Version=9.0.0.0, Culture=neutral, PublicKeyToken=b03f5f7f11d50a3a" className="GMSBlog.Model.Tests.CategoryTests, GMSBlog.Model.Tests" name="Category_Can_Have_Posts_Assigned" />
    </UnitTest>
    <UnitTest name="AdminController_Has_An_Edit_Post_Get_Method_Which_Accepts_An_Id_And_Returns_The_Post_With_That_Id" storage="c:\projects\gmsblog\gmsblog.web.tests\bin\debug\gmsblog.web.tests.dll" id="f62513e9-daa3-5dff-eb26-405dbf4eb850">
      <Css projectStructure="" iteration="" />
      <Owners>
        <Owner name="" />
      </Owners>
      <Execution id="b343897a-15a6-4e09-832e-765f2f6b5fa7" />
      <TestMethod codeBase="C:\Projects\GMSBlog\GMSBlog.Web.Tests\bin\Debug\GMSBlog.Web.Tests.dll" adapterTypeName="Microsoft.VisualStudio.TestTools.TestTypes.Unit.UnitTestAdapter, Microsoft.VisualStudio.QualityTools.Tips.UnitTest.Adapter, Version=9.0.0.0, Culture=neutral, PublicKeyToken=b03f5f7f11d50a3a" className="GMSBlog.Web.Tests.Controllers.AdminControllerTests, GMSBlog.Web.Tests" name="AdminController_Has_An_Edit_Post_Get_Method_Which_Accepts_An_Id_And_Returns_The_Post_With_That_Id" />
    </UnitTest>
    <UnitTest name="StyleSheet_Returns_Valid_Output" storage="c:\projects\gmsblog\gmsblog.web.tests\bin\debug\gmsblog.web.tests.dll" id="503ce512-9a36-05e4-0346-da0d96e31a12">
      <Css projectStructure="" iteration="" />
      <Owners>
        <Owner name="" />
      </Owners>
      <Execution id="15558138-c7d1-4cc6-acbe-778e1f8cda14" />
      <TestMethod codeBase="C:\Projects\GMSBlog\GMSBlog.Web.Tests\bin\Debug\GMSBlog.Web.Tests.dll" adapterTypeName="Microsoft.VisualStudio.TestTools.TestTypes.Unit.UnitTestAdapter, Microsoft.VisualStudio.QualityTools.Tips.UnitTest.Adapter, Version=9.0.0.0, Culture=neutral, PublicKeyToken=b03f5f7f11d50a3a" className="GMSBlog.Web.Tests.Helpers.ContentLinkHelperTests, GMSBlog.Web.Tests" name="StyleSheet_Returns_Valid_Output" />
    </UnitTest>
    <UnitTest name="DateUpdated_Should_Change_If_Title_Is_Modified_Later" storage="c:\projects\gmsblog\gmsblog.model.tests\bin\debug\gmsblog.model.tests.dll" id="fde69d3e-dfc7-0033-2e34-edbeeba70e84">
      <Css projectStructure="" iteration="" />
      <Owners>
        <Owner name="" />
      </Owners>
      <Execution id="a734673a-f371-43b2-9c8d-91aa42c1cb68" />
      <TestMethod codeBase="C:\Projects\GMSBlog\GMSBlog.Model.Tests\bin\Debug\GMSBlog.Model.Tests.dll" adapterTypeName="Microsoft.VisualStudio.TestTools.TestTypes.Unit.UnitTestAdapter, Microsoft.VisualStudio.QualityTools.Tips.UnitTest.Adapter, Version=9.0.0.0, Culture=neutral, PublicKeyToken=b03f5f7f11d50a3a" className="GMSBlog.Model.Tests.PostTests, GMSBlog.Model.Tests" name="DateUpdated_Should_Change_If_Title_Is_Modified_Later" />
    </UnitTest>
    <UnitTest name="Can_Save_Many_Comments" storage="c:\projects\gmsblog\gmsblog.service.tests\bin\debug\gmsblog.service.tests.dll" id="34daeeaa-bbdf-4436-fa44-0ee7d40b68b7">
      <Css projectStructure="" iteration="" />
      <Owners>
        <Owner name="" />
      </Owners>
      <Execution id="faa7d188-a66d-4e25-8374-e86337f3abec" />
      <TestMethod codeBase="C:\Projects\GMSBlog\GMSBlog.Service.Tests\bin\Debug\GMSBlog.Service.Tests.dll" adapterTypeName="Microsoft.VisualStudio.TestTools.TestTypes.Unit.UnitTestAdapter, Microsoft.VisualStudio.QualityTools.Tips.UnitTest.Adapter, Version=9.0.0.0, Culture=neutral, PublicKeyToken=b03f5f7f11d50a3a" className="GMSBlog.Service.Tests.NHibernateServiceTests, GMSBlog.Service.Tests" name="Can_Save_Many_Comments" />
    </UnitTest>
    <UnitTest name="AdminController_Contains_Categories_Method" storage="c:\projects\gmsblog\gmsblog.web.tests\bin\debug\gmsblog.web.tests.dll" id="0c83f75d-572f-5228-d2c3-d4be5ee9ebca">
      <Css projectStructure="" iteration="" />
      <Owners>
        <Owner name="" />
      </Owners>
      <Execution id="b61f28b4-dbee-4bf6-a444-0c11f07f5a82" />
      <TestMethod codeBase="C:\Projects\GMSBlog\GMSBlog.Web.Tests\bin\Debug\GMSBlog.Web.Tests.dll" adapterTypeName="Microsoft.VisualStudio.TestTools.TestTypes.Unit.UnitTestAdapter, Microsoft.VisualStudio.QualityTools.Tips.UnitTest.Adapter, Version=9.0.0.0, Culture=neutral, PublicKeyToken=b03f5f7f11d50a3a" className="GMSBlog.Web.Tests.Controllers.AdminControllerTests, GMSBlog.Web.Tests" name="AdminController_Contains_Categories_Method" />
    </UnitTest>
    <UnitTest name="RuleViolation_Constructor_Sets_Values" storage="c:\projects\gmsblog\gmsblog.model.tests\bin\debug\gmsblog.model.tests.dll" id="71bd889f-74a7-d905-5772-19098fc71b04">
      <Css projectStructure="" iteration="" />
      <Owners>
        <Owner name="" />
      </Owners>
      <Execution id="c4c98afb-dbf0-42e7-ba77-632d1c1ea270" />
      <TestMethod codeBase="C:\Projects\GMSBlog\GMSBlog.Model.Tests\bin\Debug\GMSBlog.Model.Tests.dll" adapterTypeName="Microsoft.VisualStudio.TestTools.TestTypes.Unit.UnitTestAdapter, Microsoft.VisualStudio.QualityTools.Tips.UnitTest.Adapter, Version=9.0.0.0, Culture=neutral, PublicKeyToken=b03f5f7f11d50a3a" className="GMSBlog.Model.Tests.RuleViolationTests, GMSBlog.Model.Tests" name="RuleViolation_Constructor_Sets_Values" />
    </UnitTest>
    <UnitTest name="AdminController_Category_Get_Method_Has_Model_Of_Category" storage="c:\projects\gmsblog\gmsblog.web.tests\bin\debug\gmsblog.web.tests.dll" id="637c07a0-7841-64ea-ffda-2d1c7c702dba">
      <Css projectStructure="" iteration="" />
      <Owners>
        <Owner name="" />
      </Owners>
      <Execution id="d1f51b6c-da4e-4eb9-ac14-a7eab787c963" />
      <TestMethod codeBase="C:\Projects\GMSBlog\GMSBlog.Web.Tests\bin\Debug\GMSBlog.Web.Tests.dll" adapterTypeName="Microsoft.VisualStudio.TestTools.TestTypes.Unit.UnitTestAdapter, Microsoft.VisualStudio.QualityTools.Tips.UnitTest.Adapter, Version=9.0.0.0, Culture=neutral, PublicKeyToken=b03f5f7f11d50a3a" className="GMSBlog.Web.Tests.Controllers.AdminControllerTests, GMSBlog.Web.Tests" name="AdminController_Category_Get_Method_Has_Model_Of_Category" />
    </UnitTest>
    <UnitTest name="Post_Comments_Can_Be_Assigned" storage="c:\projects\gmsblog\gmsblog.model.tests\bin\debug\gmsblog.model.tests.dll" id="509f74f3-bfb0-9ee9-cdac-7dd2d8acbb48">
      <Css projectStructure="" iteration="" />
      <Owners>
        <Owner name="" />
      </Owners>
      <Execution id="584b2778-db26-4487-9e12-f3791530b5c6" />
      <TestMethod codeBase="C:\Projects\GMSBlog\GMSBlog.Model.Tests\bin\Debug\GMSBlog.Model.Tests.dll" adapterTypeName="Microsoft.VisualStudio.TestTools.TestTypes.Unit.UnitTestAdapter, Microsoft.VisualStudio.QualityTools.Tips.UnitTest.Adapter, Version=9.0.0.0, Culture=neutral, PublicKeyToken=b03f5f7f11d50a3a" className="GMSBlog.Model.Tests.PostTests, GMSBlog.Model.Tests" name="Post_Comments_Can_Be_Assigned" />
    </UnitTest>
    <UnitTest name="Comment_Has_Id" storage="c:\projects\gmsblog\gmsblog.model.tests\bin\debug\gmsblog.model.tests.dll" id="629f1d89-1160-cba5-d09b-8ea2da68fa84">
      <Css projectStructure="" iteration="" />
      <Owners>
        <Owner name="" />
      </Owners>
      <Execution id="b9615818-ea2c-4df1-9894-4f854128e2fd" />
      <TestMethod codeBase="C:\Projects\GMSBlog\GMSBlog.Model.Tests\bin\Debug\GMSBlog.Model.Tests.dll" adapterTypeName="Microsoft.VisualStudio.TestTools.TestTypes.Unit.UnitTestAdapter, Microsoft.VisualStudio.QualityTools.Tips.UnitTest.Adapter, Version=9.0.0.0, Culture=neutral, PublicKeyToken=b03f5f7f11d50a3a" className="GMSBlog.Model.Tests.CommentTests, GMSBlog.Model.Tests" name="Comment_Has_Id" />
    </UnitTest>
    <UnitTest name="ContentLinkHelper_Contains_Javascript_Extension_Method" storage="c:\projects\gmsblog\gmsblog.web.tests\bin\debug\gmsblog.web.tests.dll" id="30b1bd4d-bacc-3b4a-a40f-1342ddd3163f">
      <Css projectStructure="" iteration="" />
      <Owners>
        <Owner name="" />
      </Owners>
      <Execution id="b282dfc0-2dd8-4c52-9e21-0217996233ed" />
      <TestMethod codeBase="C:\Projects\GMSBlog\GMSBlog.Web.Tests\bin\Debug\GMSBlog.Web.Tests.dll" adapterTypeName="Microsoft.VisualStudio.TestTools.TestTypes.Unit.UnitTestAdapter, Microsoft.VisualStudio.QualityTools.Tips.UnitTest.Adapter, Version=9.0.0.0, Culture=neutral, PublicKeyToken=b03f5f7f11d50a3a" className="GMSBlog.Web.Tests.Helpers.ContentLinkHelperTests, GMSBlog.Web.Tests" name="ContentLinkHelper_Contains_Javascript_Extension_Method" />
    </UnitTest>
    <UnitTest name="Can_Load_Many_Saved_Categories_Paged_Results_Correctly" storage="c:\projects\gmsblog\gmsblog.service.tests\bin\debug\gmsblog.service.tests.dll" id="c4aba85e-e8a8-3fd1-6b72-07a4aa201de1">
      <Css projectStructure="" iteration="" />
      <Owners>
        <Owner name="" />
      </Owners>
      <Execution id="b5bfb7c2-fa0c-4543-be39-f2e8811e71fb" />
      <TestMethod codeBase="C:\Projects\GMSBlog\GMSBlog.Service.Tests\bin\Debug\GMSBlog.Service.Tests.dll" adapterTypeName="Microsoft.VisualStudio.TestTools.TestTypes.Unit.UnitTestAdapter, Microsoft.VisualStudio.QualityTools.Tips.UnitTest.Adapter, Version=9.0.0.0, Culture=neutral, PublicKeyToken=b03f5f7f11d50a3a" className="GMSBlog.Service.Tests.NHibernateServiceTests, GMSBlog.Service.Tests" name="Can_Load_Many_Saved_Categories_Paged_Results_Correctly" />
    </UnitTest>
    <UnitTest name="AdminController_Has_An_Add_Post_Get_Method" storage="c:\projects\gmsblog\gmsblog.web.tests\bin\debug\gmsblog.web.tests.dll" id="25f3abe0-5281-cfcb-eebd-0592cbef3149">
      <Css projectStructure="" iteration="" />
      <Owners>
        <Owner name="" />
      </Owners>
      <Execution id="e80a2210-e7b8-4763-aafa-0da533ae65f8" />
      <TestMethod codeBase="C:\Projects\GMSBlog\GMSBlog.Web.Tests\bin\Debug\GMSBlog.Web.Tests.dll" adapterTypeName="Microsoft.VisualStudio.TestTools.TestTypes.Unit.UnitTestAdapter, Microsoft.VisualStudio.QualityTools.Tips.UnitTest.Adapter, Version=9.0.0.0, Culture=neutral, PublicKeyToken=b03f5f7f11d50a3a" className="GMSBlog.Web.Tests.Controllers.AdminControllerTests, GMSBlog.Web.Tests" name="AdminController_Has_An_Add_Post_Get_Method" />
    </UnitTest>
    <UnitTest name="Can_Persist_Changes" storage="c:\projects\gmsblog\gmsblog.service.tests\bin\debug\gmsblog.service.tests.dll" id="88a2200b-4a2f-7f60-1ac9-65204af09aa2">
      <Css projectStructure="" iteration="" />
      <Owners>
        <Owner name="" />
      </Owners>
      <Execution id="d43c8dfe-b248-40cb-9eac-f702ff7e40f5" />
      <TestMethod codeBase="C:\Projects\GMSBlog\GMSBlog.Service.Tests\bin\Debug\GMSBlog.Service.Tests.dll" adapterTypeName="Microsoft.VisualStudio.TestTools.TestTypes.Unit.UnitTestAdapter, Microsoft.VisualStudio.QualityTools.Tips.UnitTest.Adapter, Version=9.0.0.0, Culture=neutral, PublicKeyToken=b03f5f7f11d50a3a" className="GMSBlog.Service.Tests.NHibernateServiceTests, GMSBlog.Service.Tests" name="Can_Persist_Changes" />
    </UnitTest>
    <UnitTest name="Post_Should_Have_Initialised_List_Of_Categories" storage="c:\projects\gmsblog\gmsblog.model.tests\bin\debug\gmsblog.model.tests.dll" id="b591b5a7-58d8-b6c3-67af-0ae18b885f89">
      <Css projectStructure="" iteration="" />
      <Owners>
        <Owner name="" />
      </Owners>
      <Execution id="39aa8f67-2b1f-422b-b3fe-79e742d4fa64" />
      <TestMethod codeBase="C:\Projects\GMSBlog\GMSBlog.Model.Tests\bin\Debug\GMSBlog.Model.Tests.dll" adapterTypeName="Microsoft.VisualStudio.TestTools.TestTypes.Unit.UnitTestAdapter, Microsoft.VisualStudio.QualityTools.Tips.UnitTest.Adapter, Version=9.0.0.0, Culture=neutral, PublicKeyToken=b03f5f7f11d50a3a" className="GMSBlog.Model.Tests.PostTests, GMSBlog.Model.Tests" name="Post_Should_Have_Initialised_List_Of_Categories" />
    </UnitTest>
    <UnitTest name="AdminController_Has_A_List_Post_Get_Method" storage="c:\projects\gmsblog\gmsblog.web.tests\bin\debug\gmsblog.web.tests.dll" id="267c4ff5-4785-8d49-0c98-f8880a53f650">
      <Css projectStructure="" iteration="" />
      <Owners>
        <Owner name="" />
      </Owners>
      <Execution id="28422446-d50f-496d-b99c-4dc69580f822" />
      <TestMethod codeBase="C:\Projects\GMSBlog\GMSBlog.Web.Tests\bin\Debug\GMSBlog.Web.Tests.dll" adapterTypeName="Microsoft.VisualStudio.TestTools.TestTypes.Unit.UnitTestAdapter, Microsoft.VisualStudio.QualityTools.Tips.UnitTest.Adapter, Version=9.0.0.0, Culture=neutral, PublicKeyToken=b03f5f7f11d50a3a" className="GMSBlog.Web.Tests.Controllers.AdminControllerTests, GMSBlog.Web.Tests" name="AdminController_Has_A_List_Post_Get_Method" />
    </UnitTest>
    <UnitTest name="AdminController_Has_A_Delete_Category_Post_Method_Which_Deletes_A_Category_With_Id" storage="c:\projects\gmsblog\gmsblog.web.tests\bin\debug\gmsblog.web.tests.dll" id="06844589-5721-c9cf-6608-1b7b02ab4d59">
      <Css projectStructure="" iteration="" />
      <Owners>
        <Owner name="" />
      </Owners>
      <Execution id="a80c65ae-d410-48c5-b205-1b4dd007fe54" />
      <TestMethod codeBase="C:\Projects\GMSBlog\GMSBlog.Web.Tests\bin\Debug\GMSBlog.Web.Tests.dll" adapterTypeName="Microsoft.VisualStudio.TestTools.TestTypes.Unit.UnitTestAdapter, Microsoft.VisualStudio.QualityTools.Tips.UnitTest.Adapter, Version=9.0.0.0, Culture=neutral, PublicKeyToken=b03f5f7f11d50a3a" className="GMSBlog.Web.Tests.Controllers.AdminControllerTests, GMSBlog.Web.Tests" name="AdminController_Has_A_Delete_Category_Post_Method_Which_Deletes_A_Category_With_Id" />
    </UnitTest>
    <UnitTest name="AdminController_Has_An_Add_Category_Post_Method_Which_Saves_A_Category" storage="c:\projects\gmsblog\gmsblog.web.tests\bin\debug\gmsblog.web.tests.dll" id="2ef307c4-cd84-3482-d5e3-73c45d007513">
      <Css projectStructure="" iteration="" />
      <Owners>
        <Owner name="" />
      </Owners>
      <Execution id="9c46c666-93fc-4cd7-ae02-db51a7ef77bb" />
      <TestMethod codeBase="C:\Projects\GMSBlog\GMSBlog.Web.Tests\bin\Debug\GMSBlog.Web.Tests.dll" adapterTypeName="Microsoft.VisualStudio.TestTools.TestTypes.Unit.UnitTestAdapter, Microsoft.VisualStudio.QualityTools.Tips.UnitTest.Adapter, Version=9.0.0.0, Culture=neutral, PublicKeyToken=b03f5f7f11d50a3a" className="GMSBlog.Web.Tests.Controllers.AdminControllerTests, GMSBlog.Web.Tests" name="AdminController_Has_An_Add_Category_Post_Method_Which_Saves_A_Category" />
    </UnitTest>
    <UnitTest name="AdminController_Categories_Method_Accepts_List_Categories" storage="c:\projects\gmsblog\gmsblog.web.tests\bin\debug\gmsblog.web.tests.dll" id="7ce1170a-9e74-6073-c214-6484c90b723f">
      <Css projectStructure="" iteration="" />
      <Owners>
        <Owner name="" />
      </Owners>
      <Execution id="8e8ef3e6-44a5-458a-a4c9-25519f7f7fb3" />
      <TestMethod codeBase="C:\Projects\GMSBlog\GMSBlog.Web.Tests\bin\Debug\GMSBlog.Web.Tests.dll" adapterTypeName="Microsoft.VisualStudio.TestTools.TestTypes.Unit.UnitTestAdapter, Microsoft.VisualStudio.QualityTools.Tips.UnitTest.Adapter, Version=9.0.0.0, Culture=neutral, PublicKeyToken=b03f5f7f11d50a3a" className="GMSBlog.Web.Tests.Controllers.AdminControllerTests, GMSBlog.Web.Tests" name="AdminController_Categories_Method_Accepts_List_Categories" />
    </UnitTest>
    <UnitTest name="AdminController_Has_A_Delete_Post_Post_Method_Which_Accepts_An_Id_And_Deletes_That_Post" storage="c:\projects\gmsblog\gmsblog.web.tests\bin\debug\gmsblog.web.tests.dll" id="bd75169f-8007-7de1-a149-805f4289ee29">
      <Css projectStructure="" iteration="" />
      <Owners>
        <Owner name="" />
      </Owners>
      <Execution id="a9f43ab6-6178-4e91-997b-3e9fb5260dac" />
      <TestMethod codeBase="C:\Projects\GMSBlog\GMSBlog.Web.Tests\bin\Debug\GMSBlog.Web.Tests.dll" adapterTypeName="Microsoft.VisualStudio.TestTools.TestTypes.Unit.UnitTestAdapter, Microsoft.VisualStudio.QualityTools.Tips.UnitTest.Adapter, Version=9.0.0.0, Culture=neutral, PublicKeyToken=b03f5f7f11d50a3a" className="GMSBlog.Web.Tests.Controllers.AdminControllerTests, GMSBlog.Web.Tests" name="AdminController_Has_A_Delete_Post_Post_Method_Which_Accepts_An_Id_And_Deletes_That_Post" />
    </UnitTest>
    <UnitTest name="Comment_Has_DateCreated" storage="c:\projects\gmsblog\gmsblog.model.tests\bin\debug\gmsblog.model.tests.dll" id="ecdd78f8-d4e4-11b9-2fdc-58dadc1be321">
      <Css projectStructure="" iteration="" />
      <Owners>
        <Owner name="" />
      </Owners>
      <Execution id="c0905240-0c44-4d50-87aa-4159051a68b7" />
      <TestMethod codeBase="C:\Projects\GMSBlog\GMSBlog.Model.Tests\bin\Debug\GMSBlog.Model.Tests.dll" adapterTypeName="Microsoft.VisualStudio.TestTools.TestTypes.Unit.UnitTestAdapter, Microsoft.VisualStudio.QualityTools.Tips.UnitTest.Adapter, Version=9.0.0.0, Culture=neutral, PublicKeyToken=b03f5f7f11d50a3a" className="GMSBlog.Model.Tests.CommentTests, GMSBlog.Model.Tests" name="Comment_Has_DateCreated" />
    </UnitTest>
    <UnitTest name="Can_Retrieve_Comments_Paged_And_All_Are_Correct" storage="c:\projects\gmsblog\gmsblog.service.tests\bin\debug\gmsblog.service.tests.dll" id="074142f4-088e-869b-fe38-150d63ce3995">
      <Css projectStructure="" iteration="" />
      <Owners>
        <Owner name="" />
      </Owners>
      <Execution id="b5c1b57c-8f70-49f2-8a5e-92ff7c871e59" />
      <TestMethod codeBase="C:\Projects\GMSBlog\GMSBlog.Service.Tests\bin\Debug\GMSBlog.Service.Tests.dll" adapterTypeName="Microsoft.VisualStudio.TestTools.TestTypes.Unit.UnitTestAdapter, Microsoft.VisualStudio.QualityTools.Tips.UnitTest.Adapter, Version=9.0.0.0, Culture=neutral, PublicKeyToken=b03f5f7f11d50a3a" className="GMSBlog.Service.Tests.NHibernateServiceTests, GMSBlog.Service.Tests" name="Can_Retrieve_Comments_Paged_And_All_Are_Correct" />
    </UnitTest>
    <UnitTest name="Comment_Is_Invalid_When_Name_Is_Empty" storage="c:\projects\gmsblog\gmsblog.model.tests\bin\debug\gmsblog.model.tests.dll" id="62c45385-c0f2-e78b-cb1d-90de9292f18d">
      <Css projectStructure="" iteration="" />
      <Owners>
        <Owner name="" />
      </Owners>
      <Execution id="3382d0d1-d45e-46ff-8c9f-f501338a1d59" />
      <TestMethod codeBase="C:\Projects\GMSBlog\GMSBlog.Model.Tests\bin\Debug\GMSBlog.Model.Tests.dll" adapterTypeName="Microsoft.VisualStudio.TestTools.TestTypes.Unit.UnitTestAdapter, Microsoft.VisualStudio.QualityTools.Tips.UnitTest.Adapter, Version=9.0.0.0, Culture=neutral, PublicKeyToken=b03f5f7f11d50a3a" className="GMSBlog.Model.Tests.CommentTests, GMSBlog.Model.Tests" name="Comment_Is_Invalid_When_Name_Is_Empty" />
    </UnitTest>
    <UnitTest name="Post_Comments_Can_Be_Removed" storage="c:\projects\gmsblog\gmsblog.model.tests\bin\debug\gmsblog.model.tests.dll" id="745f03fb-6383-5238-455d-87917bb7ed3e">
      <Css projectStructure="" iteration="" />
      <Owners>
        <Owner name="" />
      </Owners>
      <Execution id="c477878f-e203-46d2-a4eb-9fab9a785edd" />
      <TestMethod codeBase="C:\Projects\GMSBlog\GMSBlog.Model.Tests\bin\Debug\GMSBlog.Model.Tests.dll" adapterTypeName="Microsoft.VisualStudio.TestTools.TestTypes.Unit.UnitTestAdapter, Microsoft.VisualStudio.QualityTools.Tips.UnitTest.Adapter, Version=9.0.0.0, Culture=neutral, PublicKeyToken=b03f5f7f11d50a3a" className="GMSBlog.Model.Tests.PostTests, GMSBlog.Model.Tests" name="Post_Comments_Can_Be_Removed" />
    </UnitTest>
    <UnitTest name="Post_Category_Should_Have_Have_Post_Assigned" storage="c:\projects\gmsblog\gmsblog.model.tests\bin\debug\gmsblog.model.tests.dll" id="956b2469-5cae-a2b2-4f39-ed3564398c3c">
      <Css projectStructure="" iteration="" />
      <Owners>
        <Owner name="" />
      </Owners>
      <Execution id="c7accf11-2ada-494d-9383-5a0cdba01556" />
      <TestMethod codeBase="C:\Projects\GMSBlog\GMSBlog.Model.Tests\bin\Debug\GMSBlog.Model.Tests.dll" adapterTypeName="Microsoft.VisualStudio.TestTools.TestTypes.Unit.UnitTestAdapter, Microsoft.VisualStudio.QualityTools.Tips.UnitTest.Adapter, Version=9.0.0.0, Culture=neutral, PublicKeyToken=b03f5f7f11d50a3a" className="GMSBlog.Model.Tests.PostTests, GMSBlog.Model.Tests" name="Post_Category_Should_Have_Have_Post_Assigned" />
    </UnitTest>
    <UnitTest name="DateUpdated_Should_Change_If_Summary_Is_Modified_Later" storage="c:\projects\gmsblog\gmsblog.model.tests\bin\debug\gmsblog.model.tests.dll" id="e9550d78-96bf-9bd5-ca81-3d23b1ce95f0">
      <Css projectStructure="" iteration="" />
      <Owners>
        <Owner name="" />
      </Owners>
      <Execution id="15782aed-7364-463d-9327-f3ee372093b6" />
      <TestMethod codeBase="C:\Projects\GMSBlog\GMSBlog.Model.Tests\bin\Debug\GMSBlog.Model.Tests.dll" adapterTypeName="Microsoft.VisualStudio.TestTools.TestTypes.Unit.UnitTestAdapter, Microsoft.VisualStudio.QualityTools.Tips.UnitTest.Adapter, Version=9.0.0.0, Culture=neutral, PublicKeyToken=b03f5f7f11d50a3a" className="GMSBlog.Model.Tests.PostTests, GMSBlog.Model.Tests" name="DateUpdated_Should_Change_If_Summary_Is_Modified_Later" />
    </UnitTest>
    <UnitTest name="Home_Controller_Has_An_Action_Named_Category_Which_Accepts_An_Id_And_Returns_Posts_In_The_Category" storage="c:\projects\gmsblog\gmsblog.web.tests\bin\debug\gmsblog.web.tests.dll" id="c7208b4d-9381-19b9-173e-85d34483d8e8">
      <Css projectStructure="" iteration="" />
      <Owners>
        <Owner name="" />
      </Owners>
      <Execution id="32b7a2b0-7460-4084-919b-6f9a619a1296" />
      <TestMethod codeBase="C:\Projects\GMSBlog\GMSBlog.Web.Tests\bin\Debug\GMSBlog.Web.Tests.dll" adapterTypeName="Microsoft.VisualStudio.TestTools.TestTypes.Unit.UnitTestAdapter, Microsoft.VisualStudio.QualityTools.Tips.UnitTest.Adapter, Version=9.0.0.0, Culture=neutral, PublicKeyToken=b03f5f7f11d50a3a" className="GMSBlog.Web.Tests.Controllers.HomeControllerTests, GMSBlog.Web.Tests" name="Home_Controller_Has_An_Action_Named_Category_Which_Accepts_An_Id_And_Returns_Posts_In_The_Category" />
    </UnitTest>
    <UnitTest name="DateCreated_Should_Be_Set_On_Construction" storage="c:\projects\gmsblog\gmsblog.model.tests\bin\debug\gmsblog.model.tests.dll" id="c5470809-037f-0655-50d1-c27cae33b6a6">
      <Css projectStructure="" iteration="" />
      <Owners>
        <Owner name="" />
      </Owners>
      <Execution id="bf3b4e03-291d-4aed-be2b-5b28bb5d4731" />
      <TestMethod codeBase="C:\Projects\GMSBlog\GMSBlog.Model.Tests\bin\Debug\GMSBlog.Model.Tests.dll" adapterTypeName="Microsoft.VisualStudio.TestTools.TestTypes.Unit.UnitTestAdapter, Microsoft.VisualStudio.QualityTools.Tips.UnitTest.Adapter, Version=9.0.0.0, Culture=neutral, PublicKeyToken=b03f5f7f11d50a3a" className="GMSBlog.Model.Tests.CommentTests, GMSBlog.Model.Tests" name="DateCreated_Should_Be_Set_On_Construction" />
    </UnitTest>
    <UnitTest name="About" storage="c:\projects\gmsblog\gmsblog.web.tests\bin\debug\gmsblog.web.tests.dll" id="fea12728-1b0a-3b2c-5019-11054f81d69e">
      <Css projectStructure="" iteration="" />
      <Owners>
        <Owner name="" />
      </Owners>
      <Execution id="9d83fa52-1972-4d1f-87ee-235af474cb55" />
      <TestMethod codeBase="C:\Projects\GMSBlog\GMSBlog.Web.Tests\bin\Debug\GMSBlog.Web.Tests.dll" adapterTypeName="Microsoft.VisualStudio.TestTools.TestTypes.Unit.UnitTestAdapter, Microsoft.VisualStudio.QualityTools.Tips.UnitTest.Adapter, Version=9.0.0.0, Culture=neutral, PublicKeyToken=b03f5f7f11d50a3a" className="GMSBlog.Web.Tests.Controllers.HomeControllerTests, GMSBlog.Web.Tests" name="About" />
    </UnitTest>
    <UnitTest name="Can_Get_Posts_By_Category_Id_Paged_And_It_Works_Correctly" storage="c:\projects\gmsblog\gmsblog.service.tests\bin\debug\gmsblog.service.tests.dll" id="d6e4c2c6-ad2e-c85c-ee36-253ddaa335f0">
      <Css projectStructure="" iteration="" />
      <Owners>
        <Owner name="" />
      </Owners>
      <Execution id="b36334e9-d8bb-40dd-86fe-a32dcd72fc2a" />
      <TestMethod codeBase="C:\Projects\GMSBlog\GMSBlog.Service.Tests\bin\Debug\GMSBlog.Service.Tests.dll" adapterTypeName="Microsoft.VisualStudio.TestTools.TestTypes.Unit.UnitTestAdapter, Microsoft.VisualStudio.QualityTools.Tips.UnitTest.Adapter, Version=9.0.0.0, Culture=neutral, PublicKeyToken=b03f5f7f11d50a3a" className="GMSBlog.Service.Tests.NHibernateServiceTests, GMSBlog.Service.Tests" name="Can_Get_Posts_By_Category_Id_Paged_And_It_Works_Correctly" />
    </UnitTest>
    <UnitTest name="Home_Controller_Has_An_Action_Named_Category_Which_Accepts_An_Id" storage="c:\projects\gmsblog\gmsblog.web.tests\bin\debug\gmsblog.web.tests.dll" id="2bb8f31d-8514-5fb2-380b-8b4a40885876">
      <Css projectStructure="" iteration="" />
      <Owners>
        <Owner name="" />
      </Owners>
      <Execution id="22a99e25-5868-4621-8ed9-2104c8b5db92" />
      <TestMethod codeBase="C:\Projects\GMSBlog\GMSBlog.Web.Tests\bin\Debug\GMSBlog.Web.Tests.dll" adapterTypeName="Microsoft.VisualStudio.TestTools.TestTypes.Unit.UnitTestAdapter, Microsoft.VisualStudio.QualityTools.Tips.UnitTest.Adapter, Version=9.0.0.0, Culture=neutral, PublicKeyToken=b03f5f7f11d50a3a" className="GMSBlog.Web.Tests.Controllers.HomeControllerTests, GMSBlog.Web.Tests" name="Home_Controller_Has_An_Action_Named_Category_Which_Accepts_An_Id" />
    </UnitTest>
    <UnitTest name="Can_Get_Posts_By_Category_Id" storage="c:\projects\gmsblog\gmsblog.service.tests\bin\debug\gmsblog.service.tests.dll" id="e29aaffd-ff96-d9ae-4e85-8b823eb3c4d4">
      <Css projectStructure="" iteration="" />
      <Owners>
        <Owner name="" />
      </Owners>
      <Execution id="c2f349bf-26e0-443b-af59-932459f34713" />
      <TestMethod codeBase="C:\Projects\GMSBlog\GMSBlog.Service.Tests\bin\Debug\GMSBlog.Service.Tests.dll" adapterTypeName="Microsoft.VisualStudio.TestTools.TestTypes.Unit.UnitTestAdapter, Microsoft.VisualStudio.QualityTools.Tips.UnitTest.Adapter, Version=9.0.0.0, Culture=neutral, PublicKeyToken=b03f5f7f11d50a3a" className="GMSBlog.Service.Tests.NHibernateServiceTests, GMSBlog.Service.Tests" name="Can_Get_Posts_By_Category_Id" />
    </UnitTest>
    <UnitTest name="AdminController_Has_An_Edit_Post_Post_Method_Accepting_A_Post_Object_Which_Then_Redirects_To_Edit_If_Fails_To_Save" storage="c:\projects\gmsblog\gmsblog.web.tests\bin\debug\gmsblog.web.tests.dll" id="609849d2-c5fd-5658-f770-cbb84803b9ac">
      <Css projectStructure="" iteration="" />
      <Owners>
        <Owner name="" />
      </Owners>
      <Execution id="ca31c6d2-a7a0-40e2-84ab-b4d856f8d616" />
      <TestMethod codeBase="C:\Projects\GMSBlog\GMSBlog.Web.Tests\bin\Debug\GMSBlog.Web.Tests.dll" adapterTypeName="Microsoft.VisualStudio.TestTools.TestTypes.Unit.UnitTestAdapter, Microsoft.VisualStudio.QualityTools.Tips.UnitTest.Adapter, Version=9.0.0.0, Culture=neutral, PublicKeyToken=b03f5f7f11d50a3a" className="GMSBlog.Web.Tests.Controllers.AdminControllerTests, GMSBlog.Web.Tests" name="AdminController_Has_An_Edit_Post_Post_Method_Accepting_A_Post_Object_Which_Then_Redirects_To_Edit_If_Fails_To_Save" />
    </UnitTest>
    <UnitTest name="RuleViolation_Class_Exists" storage="c:\projects\gmsblog\gmsblog.model.tests\bin\debug\gmsblog.model.tests.dll" id="31e7db53-13fe-2e27-707d-9d556ae2789f">
      <Css projectStructure="" iteration="" />
      <Owners>
        <Owner name="" />
      </Owners>
      <Execution id="8860620e-2adb-4a2a-a43a-b873ee2a779f" />
      <TestMethod codeBase="C:\Projects\GMSBlog\GMSBlog.Model.Tests\bin\Debug\GMSBlog.Model.Tests.dll" adapterTypeName="Microsoft.VisualStudio.TestTools.TestTypes.Unit.UnitTestAdapter, Microsoft.VisualStudio.QualityTools.Tips.UnitTest.Adapter, Version=9.0.0.0, Culture=neutral, PublicKeyToken=b03f5f7f11d50a3a" className="GMSBlog.Model.Tests.RuleViolationTests, GMSBlog.Model.Tests" name="RuleViolation_Class_Exists" />
    </UnitTest>
    <UnitTest name="Comment_Has_Website" storage="c:\projects\gmsblog\gmsblog.model.tests\bin\debug\gmsblog.model.tests.dll" id="1231ca9e-11c1-b9e5-76e5-11e8fb03ad3f">
      <Css projectStructure="" iteration="" />
      <Owners>
        <Owner name="" />
      </Owners>
      <Execution id="f2fcd677-e618-4192-b868-a389f82574fb" />
      <TestMethod codeBase="C:\Projects\GMSBlog\GMSBlog.Model.Tests\bin\Debug\GMSBlog.Model.Tests.dll" adapterTypeName="Microsoft.VisualStudio.TestTools.TestTypes.Unit.UnitTestAdapter, Microsoft.VisualStudio.QualityTools.Tips.UnitTest.Adapter, Version=9.0.0.0, Culture=neutral, PublicKeyToken=b03f5f7f11d50a3a" className="GMSBlog.Model.Tests.CommentTests, GMSBlog.Model.Tests" name="Comment_Has_Website" />
    </UnitTest>
    <UnitTest name="RuleViolation_Contains_Violation_String" storage="c:\projects\gmsblog\gmsblog.model.tests\bin\debug\gmsblog.model.tests.dll" id="deec294f-b980-7101-00e6-34498f6f3ed7">
      <Css projectStructure="" iteration="" />
      <Owners>
        <Owner name="" />
      </Owners>
      <Execution id="600e7918-8b19-4125-8b87-428da79a4c1e" />
      <TestMethod codeBase="C:\Projects\GMSBlog\GMSBlog.Model.Tests\bin\Debug\GMSBlog.Model.Tests.dll" adapterTypeName="Microsoft.VisualStudio.TestTools.TestTypes.Unit.UnitTestAdapter, Microsoft.VisualStudio.QualityTools.Tips.UnitTest.Adapter, Version=9.0.0.0, Culture=neutral, PublicKeyToken=b03f5f7f11d50a3a" className="GMSBlog.Model.Tests.RuleViolationTests, GMSBlog.Model.Tests" name="RuleViolation_Contains_Violation_String" />
    </UnitTest>
    <UnitTest name="Post_Class_Exists" storage="c:\projects\gmsblog\gmsblog.model.tests\bin\debug\gmsblog.model.tests.dll" id="e3a09417-1e62-7c1a-616d-796e75317b12">
      <Css projectStructure="" iteration="" />
      <Owners>
        <Owner name="" />
      </Owners>
      <Execution id="e7f5b869-5fce-48bd-9a63-eb695bf0f04e" />
      <TestMethod codeBase="C:\Projects\GMSBlog\GMSBlog.Model.Tests\bin\Debug\GMSBlog.Model.Tests.dll" adapterTypeName="Microsoft.VisualStudio.TestTools.TestTypes.Unit.UnitTestAdapter, Microsoft.VisualStudio.QualityTools.Tips.UnitTest.Adapter, Version=9.0.0.0, Culture=neutral, PublicKeyToken=b03f5f7f11d50a3a" className="GMSBlog.Model.Tests.PostTests, GMSBlog.Model.Tests" name="Post_Class_Exists" />
    </UnitTest>
    <UnitTest name="Category_Post_Should_Have_Have_Category_Assigned" storage="c:\projects\gmsblog\gmsblog.model.tests\bin\debug\gmsblog.model.tests.dll" id="35807233-6ea0-1990-a976-5893e3a60e05">
      <Css projectStructure="" iteration="" />
      <Owners>
        <Owner name="" />
      </Owners>
      <Execution id="8e4e1ea6-42b4-45a4-a58e-8f5f29b12e02" />
      <TestMethod codeBase="C:\Projects\GMSBlog\GMSBlog.Model.Tests\bin\Debug\GMSBlog.Model.Tests.dll" adapterTypeName="Microsoft.VisualStudio.TestTools.TestTypes.Unit.UnitTestAdapter, Microsoft.VisualStudio.QualityTools.Tips.UnitTest.Adapter, Version=9.0.0.0, Culture=neutral, PublicKeyToken=b03f5f7f11d50a3a" className="GMSBlog.Model.Tests.CategoryTests, GMSBlog.Model.Tests" name="Category_Post_Should_Have_Have_Category_Assigned" />
    </UnitTest>
    <UnitTest name="AdminController_Has_An_Add_Category_Post_Method_Which_On_Success_Redirects_To_Categories" storage="c:\projects\gmsblog\gmsblog.web.tests\bin\debug\gmsblog.web.tests.dll" id="f85f7a9f-04fd-ffb7-a11e-119a35a7fe39">
      <Css projectStructure="" iteration="" />
      <Owners>
        <Owner name="" />
      </Owners>
      <Execution id="02d47332-850a-40ae-845e-cab9e1812da5" />
      <TestMethod codeBase="C:\Projects\GMSBlog\GMSBlog.Web.Tests\bin\Debug\GMSBlog.Web.Tests.dll" adapterTypeName="Microsoft.VisualStudio.TestTools.TestTypes.Unit.UnitTestAdapter, Microsoft.VisualStudio.QualityTools.Tips.UnitTest.Adapter, Version=9.0.0.0, Culture=neutral, PublicKeyToken=b03f5f7f11d50a3a" className="GMSBlog.Web.Tests.Controllers.AdminControllerTests, GMSBlog.Web.Tests" name="AdminController_Has_An_Add_Category_Post_Method_Which_On_Success_Redirects_To_Categories" />
    </UnitTest>
    <UnitTest name="Can_Save_Many_Posts" storage="c:\projects\gmsblog\gmsblog.service.tests\bin\debug\gmsblog.service.tests.dll" id="75512458-ddb5-e5a0-9dde-c8d79bc30547">
      <Css projectStructure="" iteration="" />
      <Owners>
        <Owner name="" />
      </Owners>
      <Execution id="08ad65a7-3106-4e07-af1f-fcff6629d7f0" />
      <TestMethod codeBase="C:\Projects\GMSBlog\GMSBlog.Service.Tests\bin\Debug\GMSBlog.Service.Tests.dll" adapterTypeName="Microsoft.VisualStudio.TestTools.TestTypes.Unit.UnitTestAdapter, Microsoft.VisualStudio.QualityTools.Tips.UnitTest.Adapter, Version=9.0.0.0, Culture=neutral, PublicKeyToken=b03f5f7f11d50a3a" className="GMSBlog.Service.Tests.NHibernateServiceTests, GMSBlog.Service.Tests" name="Can_Save_Many_Posts" />
    </UnitTest>
    <UnitTest name="Can_Get_Comments_By_Id" storage="c:\projects\gmsblog\gmsblog.service.tests\bin\debug\gmsblog.service.tests.dll" id="64db0224-bd11-3947-0272-9ee24c30f7c2">
      <Css projectStructure="" iteration="" />
      <Owners>
        <Owner name="" />
      </Owners>
      <Execution id="81e6bc66-ca04-4c73-baa6-07baa248afde" />
      <TestMethod codeBase="C:\Projects\GMSBlog\GMSBlog.Service.Tests\bin\Debug\GMSBlog.Service.Tests.dll" adapterTypeName="Microsoft.VisualStudio.TestTools.TestTypes.Unit.UnitTestAdapter, Microsoft.VisualStudio.QualityTools.Tips.UnitTest.Adapter, Version=9.0.0.0, Culture=neutral, PublicKeyToken=b03f5f7f11d50a3a" className="GMSBlog.Service.Tests.NHibernateServiceTests, GMSBlog.Service.Tests" name="Can_Get_Comments_By_Id" />
    </UnitTest>
    <UnitTest name="RuleViolation_Contains_Property_String" storage="c:\projects\gmsblog\gmsblog.model.tests\bin\debug\gmsblog.model.tests.dll" id="987b1856-6f11-155d-5023-49f66d7b58fc">
      <Css projectStructure="" iteration="" />
      <Owners>
        <Owner name="" />
      </Owners>
      <Execution id="e4a5a331-fe15-45e0-bb7d-591399a5061f" />
      <TestMethod codeBase="C:\Projects\GMSBlog\GMSBlog.Model.Tests\bin\Debug\GMSBlog.Model.Tests.dll" adapterTypeName="Microsoft.VisualStudio.TestTools.TestTypes.Unit.UnitTestAdapter, Microsoft.VisualStudio.QualityTools.Tips.UnitTest.Adapter, Version=9.0.0.0, Culture=neutral, PublicKeyToken=b03f5f7f11d50a3a" className="GMSBlog.Model.Tests.RuleViolationTests, GMSBlog.Model.Tests" name="RuleViolation_Contains_Property_String" />
    </UnitTest>
    <UnitTest name="DateUpdated_Should_Be_Set_On_Construction" storage="c:\projects\gmsblog\gmsblog.model.tests\bin\debug\gmsblog.model.tests.dll" id="e99cda67-4306-9fc9-9abe-2aa2c45172d6">
      <Css projectStructure="" iteration="" />
      <Owners>
        <Owner name="" />
      </Owners>
      <Execution id="fe9b0623-29f5-49a4-b028-62fe1ffe7946" />
      <TestMethod codeBase="C:\Projects\GMSBlog\GMSBlog.Model.Tests\bin\Debug\GMSBlog.Model.Tests.dll" adapterTypeName="Microsoft.VisualStudio.TestTools.TestTypes.Unit.UnitTestAdapter, Microsoft.VisualStudio.QualityTools.Tips.UnitTest.Adapter, Version=9.0.0.0, Culture=neutral, PublicKeyToken=b03f5f7f11d50a3a" className="GMSBlog.Model.Tests.PostTests, GMSBlog.Model.Tests" name="DateUpdated_Should_Be_Set_On_Construction" />
    </UnitTest>
    <UnitTest name="If_http_Is_Not_Provided_The_Comment_Should_Be_Invalid" storage="c:\projects\gmsblog\gmsblog.model.tests\bin\debug\gmsblog.model.tests.dll" id="45ef92a1-236e-a891-99de-5791d1aa630a">
      <Css projectStructure="" iteration="" />
      <Owners>
        <Owner name="" />
      </Owners>
      <Execution id="c94c51d9-2461-4b30-a87c-aede1c149ae0" />
      <TestMethod codeBase="C:\Projects\GMSBlog\GMSBlog.Model.Tests\bin\Debug\GMSBlog.Model.Tests.dll" adapterTypeName="Microsoft.VisualStudio.TestTools.TestTypes.Unit.UnitTestAdapter, Microsoft.VisualStudio.QualityTools.Tips.UnitTest.Adapter, Version=9.0.0.0, Culture=neutral, PublicKeyToken=b03f5f7f11d50a3a" className="GMSBlog.Model.Tests.CommentTests, GMSBlog.Model.Tests" name="If_http_Is_Not_Provided_The_Comment_Should_Be_Invalid" />
    </UnitTest>
    <UnitTest name="Post_Is_Invalid_When_Summary_Is_Empty" storage="c:\projects\gmsblog\gmsblog.model.tests\bin\debug\gmsblog.model.tests.dll" id="e1ef2af7-c2e3-aeab-1cc4-1cffbf677559">
      <Css projectStructure="" iteration="" />
      <Owners>
        <Owner name="" />
      </Owners>
      <Execution id="cad3af70-0522-4998-a114-6f4fbc880ca9" />
      <TestMethod codeBase="C:\Projects\GMSBlog\GMSBlog.Model.Tests\bin\Debug\GMSBlog.Model.Tests.dll" adapterTypeName="Microsoft.VisualStudio.TestTools.TestTypes.Unit.UnitTestAdapter, Microsoft.VisualStudio.QualityTools.Tips.UnitTest.Adapter, Version=9.0.0.0, Culture=neutral, PublicKeyToken=b03f5f7f11d50a3a" className="GMSBlog.Model.Tests.PostTests, GMSBlog.Model.Tests" name="Post_Is_Invalid_When_Summary_Is_Empty" />
    </UnitTest>
    <UnitTest name="Category_Post_Can_Be_Removed" storage="c:\projects\gmsblog\gmsblog.model.tests\bin\debug\gmsblog.model.tests.dll" id="9102fa74-c1e0-1a48-c319-7f03bba13525">
      <Css projectStructure="" iteration="" />
      <Owners>
        <Owner name="" />
      </Owners>
      <Execution id="f94ebcb5-1fd3-49bc-a6f9-58ea93640e99" />
      <TestMethod codeBase="C:\Projects\GMSBlog\GMSBlog.Model.Tests\bin\Debug\GMSBlog.Model.Tests.dll" adapterTypeName="Microsoft.VisualStudio.TestTools.TestTypes.Unit.UnitTestAdapter, Microsoft.VisualStudio.QualityTools.Tips.UnitTest.Adapter, Version=9.0.0.0, Culture=neutral, PublicKeyToken=b03f5f7f11d50a3a" className="GMSBlog.Model.Tests.CategoryTests, GMSBlog.Model.Tests" name="Category_Post_Can_Be_Removed" />
    </UnitTest>
    <UnitTest name="Can_Save_Many_Categories" storage="c:\projects\gmsblog\gmsblog.service.tests\bin\debug\gmsblog.service.tests.dll" id="39e1679d-b145-31d6-61db-e11963ca7bff">
      <Css projectStructure="" iteration="" />
      <Owners>
        <Owner name="" />
      </Owners>
      <Execution id="3ae70630-2f87-49fb-9a07-2e4315184514" />
      <TestMethod codeBase="C:\Projects\GMSBlog\GMSBlog.Service.Tests\bin\Debug\GMSBlog.Service.Tests.dll" adapterTypeName="Microsoft.VisualStudio.TestTools.TestTypes.Unit.UnitTestAdapter, Microsoft.VisualStudio.QualityTools.Tips.UnitTest.Adapter, Version=9.0.0.0, Culture=neutral, PublicKeyToken=b03f5f7f11d50a3a" className="GMSBlog.Service.Tests.NHibernateServiceTests, GMSBlog.Service.Tests" name="Can_Save_Many_Categories" />
    </UnitTest>
    <UnitTest name="AdminController_Has_An_Edit_Post_Post_Method_Accepting_A_Post_Object" storage="c:\projects\gmsblog\gmsblog.web.tests\bin\debug\gmsblog.web.tests.dll" id="53bfa2df-a0ff-3f4b-8d2e-3db920910a0e">
      <Css projectStructure="" iteration="" />
      <Owners>
        <Owner name="" />
      </Owners>
      <Execution id="28b480f6-d2a6-4914-8aa8-20a9905080a2" />
      <TestMethod codeBase="C:\Projects\GMSBlog\GMSBlog.Web.Tests\bin\Debug\GMSBlog.Web.Tests.dll" adapterTypeName="Microsoft.VisualStudio.TestTools.TestTypes.Unit.UnitTestAdapter, Microsoft.VisualStudio.QualityTools.Tips.UnitTest.Adapter, Version=9.0.0.0, Culture=neutral, PublicKeyToken=b03f5f7f11d50a3a" className="GMSBlog.Web.Tests.Controllers.AdminControllerTests, GMSBlog.Web.Tests" name="AdminController_Has_An_Edit_Post_Post_Method_Accepting_A_Post_Object" />
    </UnitTest>
    <UnitTest name="Post_Is_Invalid_When_Detail_Is_Empty" storage="c:\projects\gmsblog\gmsblog.model.tests\bin\debug\gmsblog.model.tests.dll" id="ecf04dd8-2636-c2ba-6d18-c0bc0b6bc708">
      <Css projectStructure="" iteration="" />
      <Owners>
        <Owner name="" />
      </Owners>
      <Execution id="3ddcab97-f975-415d-ae13-872d0ba6a151" />
      <TestMethod codeBase="C:\Projects\GMSBlog\GMSBlog.Model.Tests\bin\Debug\GMSBlog.Model.Tests.dll" adapterTypeName="Microsoft.VisualStudio.TestTools.TestTypes.Unit.UnitTestAdapter, Microsoft.VisualStudio.QualityTools.Tips.UnitTest.Adapter, Version=9.0.0.0, Culture=neutral, PublicKeyToken=b03f5f7f11d50a3a" className="GMSBlog.Model.Tests.PostTests, GMSBlog.Model.Tests" name="Post_Is_Invalid_When_Detail_Is_Empty" />
    </UnitTest>
    <UnitTest name="Categories_ViewData_Is_Of_Type_IList_CategorySummary" storage="c:\projects\gmsblog\gmsblog.web.tests\bin\debug\gmsblog.web.tests.dll" id="6e0ce365-4a92-3868-88de-6a6ea9c72d88">
      <Css projectStructure="" iteration="" />
      <Owners>
        <Owner name="" />
      </Owners>
      <Execution id="e160ae49-cb9b-4116-94a5-697ac1b3172c" />
      <TestMethod codeBase="C:\Projects\GMSBlog\GMSBlog.Web.Tests\bin\Debug\GMSBlog.Web.Tests.dll" adapterTypeName="Microsoft.VisualStudio.TestTools.TestTypes.Unit.UnitTestAdapter, Microsoft.VisualStudio.QualityTools.Tips.UnitTest.Adapter, Version=9.0.0.0, Culture=neutral, PublicKeyToken=b03f5f7f11d50a3a" className="GMSBlog.Web.Tests.Controllers.BaseBlogControllerTests, GMSBlog.Web.Tests" name="Categories_ViewData_Is_Of_Type_IList_CategorySummary" />
    </UnitTest>
    <UnitTest name="HomeController_Has_A_Post_Method_Which_Accepts_An_Id" storage="c:\projects\gmsblog\gmsblog.web.tests\bin\debug\gmsblog.web.tests.dll" id="df78a2f8-1859-93b6-381c-ed1011b82de7">
      <Css projectStructure="" iteration="" />
      <Owners>
        <Owner name="" />
      </Owners>
      <Execution id="62f26cf9-79d3-4906-92ad-3e5e498d3605" />
      <TestMethod codeBase="C:\Projects\GMSBlog\GMSBlog.Web.Tests\bin\Debug\GMSBlog.Web.Tests.dll" adapterTypeName="Microsoft.VisualStudio.TestTools.TestTypes.Unit.UnitTestAdapter, Microsoft.VisualStudio.QualityTools.Tips.UnitTest.Adapter, Version=9.0.0.0, Culture=neutral, PublicKeyToken=b03f5f7f11d50a3a" className="GMSBlog.Web.Tests.Controllers.HomeControllerTests, GMSBlog.Web.Tests" name="HomeController_Has_A_Post_Method_Which_Accepts_An_Id" />
    </UnitTest>
    <UnitTest name="Categories_ViewData_Retreives_Live_Categories_In_Order_Of_No_Of_Posts_Descending" storage="c:\projects\gmsblog\gmsblog.web.tests\bin\debug\gmsblog.web.tests.dll" id="7d4c56ce-335c-7e08-e2ab-20c84144d6ee">
      <Css projectStructure="" iteration="" />
      <Owners>
        <Owner name="" />
      </Owners>
      <Execution id="389878fa-ff9b-4d39-88f8-4f59eee8646b" />
      <TestMethod codeBase="C:\Projects\GMSBlog\GMSBlog.Web.Tests\bin\Debug\GMSBlog.Web.Tests.dll" adapterTypeName="Microsoft.VisualStudio.TestTools.TestTypes.Unit.UnitTestAdapter, Microsoft.VisualStudio.QualityTools.Tips.UnitTest.Adapter, Version=9.0.0.0, Culture=neutral, PublicKeyToken=b03f5f7f11d50a3a" className="GMSBlog.Web.Tests.Controllers.BaseBlogControllerTests, GMSBlog.Web.Tests" name="Categories_ViewData_Retreives_Live_Categories_In_Order_Of_No_Of_Posts_Descending" />
    </UnitTest>
    <UnitTest name="Post_Implements_IValidated" storage="c:\projects\gmsblog\gmsblog.model.tests\bin\debug\gmsblog.model.tests.dll" id="7fbe61ac-55ac-52e0-3737-860d3cb5c75f">
      <Css projectStructure="" iteration="" />
      <Owners>
        <Owner name="" />
      </Owners>
      <Execution id="beb20866-c1a5-4e5e-ab58-2380ff9089d6" />
      <TestMethod codeBase="C:\Projects\GMSBlog\GMSBlog.Model.Tests\bin\Debug\GMSBlog.Model.Tests.dll" adapterTypeName="Microsoft.VisualStudio.TestTools.TestTypes.Unit.UnitTestAdapter, Microsoft.VisualStudio.QualityTools.Tips.UnitTest.Adapter, Version=9.0.0.0, Culture=neutral, PublicKeyToken=b03f5f7f11d50a3a" className="GMSBlog.Model.Tests.PostTests, GMSBlog.Model.Tests" name="Post_Implements_IValidated" />
    </UnitTest>
    <UnitTest name="Can_Add_Comments_To_Post" storage="c:\projects\gmsblog\gmsblog.model.tests\bin\debug\gmsblog.model.tests.dll" id="c9b16702-c2c1-2d71-7281-87d6e5ab374a">
      <Css projectStructure="" iteration="" />
      <Owners>
        <Owner name="" />
      </Owners>
      <Execution id="87418bda-67b0-48cc-b7e3-a0f521122f44" />
      <TestMethod codeBase="C:\Projects\GMSBlog\GMSBlog.Model.Tests\bin\Debug\GMSBlog.Model.Tests.dll" adapterTypeName="Microsoft.VisualStudio.TestTools.TestTypes.Unit.UnitTestAdapter, Microsoft.VisualStudio.QualityTools.Tips.UnitTest.Adapter, Version=9.0.0.0, Culture=neutral, PublicKeyToken=b03f5f7f11d50a3a" className="GMSBlog.Model.Tests.CommentTests, GMSBlog.Model.Tests" name="Can_Add_Comments_To_Post" />
    </UnitTest>
    <UnitTest name="AdminController_Has_An_Edit_Post_Post_Method_Accepting_A_Post_Object_And_Can_Assign_Categories" storage="c:\projects\gmsblog\gmsblog.web.tests\bin\debug\gmsblog.web.tests.dll" id="44d5b61c-8735-7574-9e12-0a1d96fe627c">
      <Css projectStructure="" iteration="" />
      <Owners>
        <Owner name="" />
      </Owners>
      <Execution id="4d955835-67ac-44b7-ad21-ffabacbed3ee" />
      <TestMethod codeBase="C:\Projects\GMSBlog\GMSBlog.Web.Tests\bin\Debug\GMSBlog.Web.Tests.dll" adapterTypeName="Microsoft.VisualStudio.TestTools.TestTypes.Unit.UnitTestAdapter, Microsoft.VisualStudio.QualityTools.Tips.UnitTest.Adapter, Version=9.0.0.0, Culture=neutral, PublicKeyToken=b03f5f7f11d50a3a" className="GMSBlog.Web.Tests.Controllers.AdminControllerTests, GMSBlog.Web.Tests" name="AdminController_Has_An_Edit_Post_Post_Method_Accepting_A_Post_Object_And_Can_Assign_Categories" />
    </UnitTest>
    <UnitTest name="AdminController_List_Post_Method_Accepts_A_Page_Number_And_Gets_Results_Paged" storage="c:\projects\gmsblog\gmsblog.web.tests\bin\debug\gmsblog.web.tests.dll" id="c013f047-47ed-260e-a819-812caeb3c783">
      <Css projectStructure="" iteration="" />
      <Owners>
        <Owner name="" />
      </Owners>
      <Execution id="c006bf6f-a76c-431d-9b0b-9bdd7a6c0356" />
      <TestMethod codeBase="C:\Projects\GMSBlog\GMSBlog.Web.Tests\bin\Debug\GMSBlog.Web.Tests.dll" adapterTypeName="Microsoft.VisualStudio.TestTools.TestTypes.Unit.UnitTestAdapter, Microsoft.VisualStudio.QualityTools.Tips.UnitTest.Adapter, Version=9.0.0.0, Culture=neutral, PublicKeyToken=b03f5f7f11d50a3a" className="GMSBlog.Web.Tests.Controllers.AdminControllerTests, GMSBlog.Web.Tests" name="AdminController_List_Post_Method_Accepts_A_Page_Number_And_Gets_Results_Paged" />
    </UnitTest>
    <UnitTest name="Can_Get_Posts_By_Category_Id_Paged" storage="c:\projects\gmsblog\gmsblog.service.tests\bin\debug\gmsblog.service.tests.dll" id="44536465-d37d-53a8-d4bf-3bbad7cd6cb1">
      <Css projectStructure="" iteration="" />
      <Owners>
        <Owner name="" />
      </Owners>
      <Execution id="8f6bc711-fe52-4c7a-b043-0af4cb820893" />
      <TestMethod codeBase="C:\Projects\GMSBlog\GMSBlog.Service.Tests\bin\Debug\GMSBlog.Service.Tests.dll" adapterTypeName="Microsoft.VisualStudio.TestTools.TestTypes.Unit.UnitTestAdapter, Microsoft.VisualStudio.QualityTools.Tips.UnitTest.Adapter, Version=9.0.0.0, Culture=neutral, PublicKeyToken=b03f5f7f11d50a3a" className="GMSBlog.Service.Tests.NHibernateServiceTests, GMSBlog.Service.Tests" name="Can_Get_Posts_By_Category_Id_Paged" />
    </UnitTest>
    <UnitTest name="AdminController_Has_An_Add_Post_Post_Method_Which_Writes_A_Post_To_Db" storage="c:\projects\gmsblog\gmsblog.web.tests\bin\debug\gmsblog.web.tests.dll" id="67aeedc9-a4c9-905e-3172-a46abb7ca82d">
      <Css projectStructure="" iteration="" />
      <Owners>
        <Owner name="" />
      </Owners>
      <Execution id="1b588867-44a8-4cfe-947d-29fe826b601e" />
      <TestMethod codeBase="C:\Projects\GMSBlog\GMSBlog.Web.Tests\bin\Debug\GMSBlog.Web.Tests.dll" adapterTypeName="Microsoft.VisualStudio.TestTools.TestTypes.Unit.UnitTestAdapter, Microsoft.VisualStudio.QualityTools.Tips.UnitTest.Adapter, Version=9.0.0.0, Culture=neutral, PublicKeyToken=b03f5f7f11d50a3a" className="GMSBlog.Web.Tests.Controllers.AdminControllerTests, GMSBlog.Web.Tests" name="AdminController_Has_An_Add_Post_Post_Method_Which_Writes_A_Post_To_Db" />
    </UnitTest>
    <UnitTest name="DateUpdated_Should_Be_Equal_To_Date_Created_For_A_New_Post" storage="c:\projects\gmsblog\gmsblog.model.tests\bin\debug\gmsblog.model.tests.dll" id="c0f72006-cdeb-b228-c871-9c50e8888eeb">
      <Css projectStructure="" iteration="" />
      <Owners>
        <Owner name="" />
      </Owners>
      <Execution id="71ea4774-8e43-4c1f-b917-0ecb5fff3f74" />
      <TestMethod codeBase="C:\Projects\GMSBlog\GMSBlog.Model.Tests\bin\Debug\GMSBlog.Model.Tests.dll" adapterTypeName="Microsoft.VisualStudio.TestTools.TestTypes.Unit.UnitTestAdapter, Microsoft.VisualStudio.QualityTools.Tips.UnitTest.Adapter, Version=9.0.0.0, Culture=neutral, PublicKeyToken=b03f5f7f11d50a3a" className="GMSBlog.Model.Tests.PostTests, GMSBlog.Model.Tests" name="DateUpdated_Should_Be_Equal_To_Date_Created_For_A_New_Post" />
    </UnitTest>
    <UnitTest name="Can_Load_Many_Saved_Categories" storage="c:\projects\gmsblog\gmsblog.service.tests\bin\debug\gmsblog.service.tests.dll" id="c30690bf-6d72-e2ed-f86b-829294f39d66">
      <Css projectStructure="" iteration="" />
      <Owners>
        <Owner name="" />
      </Owners>
      <Execution id="2b85ebe7-2404-4bbf-aa6a-6d27dc25192f" />
      <TestMethod codeBase="C:\Projects\GMSBlog\GMSBlog.Service.Tests\bin\Debug\GMSBlog.Service.Tests.dll" adapterTypeName="Microsoft.VisualStudio.TestTools.TestTypes.Unit.UnitTestAdapter, Microsoft.VisualStudio.QualityTools.Tips.UnitTest.Adapter, Version=9.0.0.0, Culture=neutral, PublicKeyToken=b03f5f7f11d50a3a" className="GMSBlog.Service.Tests.NHibernateServiceTests, GMSBlog.Service.Tests" name="Can_Load_Many_Saved_Categories" />
    </UnitTest>
    <UnitTest name="Can_Persist_Joins" storage="c:\projects\gmsblog\gmsblog.service.tests\bin\debug\gmsblog.service.tests.dll" id="24124209-d1d1-457e-b82e-dc9f12630aec">
      <Css projectStructure="" iteration="" />
      <Owners>
        <Owner name="" />
      </Owners>
      <Execution id="9e290d4c-ab72-423c-8c64-286e4d3179f8" />
      <TestMethod codeBase="C:\Projects\GMSBlog\GMSBlog.Service.Tests\bin\Debug\GMSBlog.Service.Tests.dll" adapterTypeName="Microsoft.VisualStudio.TestTools.TestTypes.Unit.UnitTestAdapter, Microsoft.VisualStudio.QualityTools.Tips.UnitTest.Adapter, Version=9.0.0.0, Culture=neutral, PublicKeyToken=b03f5f7f11d50a3a" className="GMSBlog.Service.Tests.NHibernateServiceTests, GMSBlog.Service.Tests" name="Can_Persist_Joins" />
    </UnitTest>
    <UnitTest name="Category_Class_Exists" storage="c:\projects\gmsblog\gmsblog.model.tests\bin\debug\gmsblog.model.tests.dll" id="7495b6ee-3570-e164-04a0-34ac31105ac0">
      <Css projectStructure="" iteration="" />
      <Owners>
        <Owner name="" />
      </Owners>
      <Execution id="1f8c78f1-2853-454d-9260-991beba4c031" />
      <TestMethod codeBase="C:\Projects\GMSBlog\GMSBlog.Model.Tests\bin\Debug\GMSBlog.Model.Tests.dll" adapterTypeName="Microsoft.VisualStudio.TestTools.TestTypes.Unit.UnitTestAdapter, Microsoft.VisualStudio.QualityTools.Tips.UnitTest.Adapter, Version=9.0.0.0, Culture=neutral, PublicKeyToken=b03f5f7f11d50a3a" className="GMSBlog.Model.Tests.CategoryTests, GMSBlog.Model.Tests" name="Category_Class_Exists" />
    </UnitTest>
    <UnitTest name="Paged_Results_Are_Valid" storage="c:\projects\gmsblog\gmsblog.service.tests\bin\debug\gmsblog.service.tests.dll" id="4005dc1d-b77f-2872-6f9b-7f9928ef7545">
      <Css projectStructure="" iteration="" />
      <Owners>
        <Owner name="" />
      </Owners>
      <Execution id="574b419d-32f7-41a7-b5ef-599335f151b4" />
      <TestMethod codeBase="C:\Projects\GMSBlog\GMSBlog.Service.Tests\bin\Debug\GMSBlog.Service.Tests.dll" adapterTypeName="Microsoft.VisualStudio.TestTools.TestTypes.Unit.UnitTestAdapter, Microsoft.VisualStudio.QualityTools.Tips.UnitTest.Adapter, Version=9.0.0.0, Culture=neutral, PublicKeyToken=b03f5f7f11d50a3a" className="GMSBlog.Service.Tests.NHibernateServiceTests, GMSBlog.Service.Tests" name="Paged_Results_Are_Valid" />
    </UnitTest>
    <UnitTest name="Can_Initialize_A_Concrete_Implementation_Of_BaseBlogController" storage="c:\projects\gmsblog\gmsblog.web.tests\bin\debug\gmsblog.web.tests.dll" id="27aae4ec-5871-0fc6-62ee-1e22823770c6">
      <Css projectStructure="" iteration="" />
      <Owners>
        <Owner name="" />
      </Owners>
      <Execution id="1ed7a1eb-6a76-4795-a90e-f8477509d970" />
      <TestMethod codeBase="C:\Projects\GMSBlog\GMSBlog.Web.Tests\bin\Debug\GMSBlog.Web.Tests.dll" adapterTypeName="Microsoft.VisualStudio.TestTools.TestTypes.Unit.UnitTestAdapter, Microsoft.VisualStudio.QualityTools.Tips.UnitTest.Adapter, Version=9.0.0.0, Culture=neutral, PublicKeyToken=b03f5f7f11d50a3a" className="GMSBlog.Web.Tests.Controllers.BaseBlogControllerTests, GMSBlog.Web.Tests" name="Can_Initialize_A_Concrete_Implementation_Of_BaseBlogController" />
    </UnitTest>
    <UnitTest name="If_Website_Is_Provided_But_Does_Not_Resolve_The_Comment_Is_Invalid" storage="c:\projects\gmsblog\gmsblog.model.tests\bin\debug\gmsblog.model.tests.dll" id="615f04f4-92c7-a13a-ace4-9bb6da465b19">
      <Css projectStructure="" iteration="" />
      <Owners>
        <Owner name="" />
      </Owners>
      <Execution id="9a8ff661-916b-410a-9fce-84fdd9050321" />
      <TestMethod codeBase="C:\Projects\GMSBlog\GMSBlog.Model.Tests\bin\Debug\GMSBlog.Model.Tests.dll" adapterTypeName="Microsoft.VisualStudio.TestTools.TestTypes.Unit.UnitTestAdapter, Microsoft.VisualStudio.QualityTools.Tips.UnitTest.Adapter, Version=9.0.0.0, Culture=neutral, PublicKeyToken=b03f5f7f11d50a3a" className="GMSBlog.Model.Tests.CommentTests, GMSBlog.Model.Tests" name="If_Website_Is_Provided_But_Does_Not_Resolve_The_Comment_Is_Invalid" />
    </UnitTest>
    <UnitTest name="Category_Should_Have_List_Of_Posts" storage="c:\projects\gmsblog\gmsblog.model.tests\bin\debug\gmsblog.model.tests.dll" id="afca3219-2f44-c87e-a603-d8abc8e7e960">
      <Css projectStructure="" iteration="" />
      <Owners>
        <Owner name="" />
      </Owners>
      <Execution id="3ffde2fb-d7ce-4522-8ce0-4421d97b39af" />
      <TestMethod codeBase="C:\Projects\GMSBlog\GMSBlog.Model.Tests\bin\Debug\GMSBlog.Model.Tests.dll" adapterTypeName="Microsoft.VisualStudio.TestTools.TestTypes.Unit.UnitTestAdapter, Microsoft.VisualStudio.QualityTools.Tips.UnitTest.Adapter, Version=9.0.0.0, Culture=neutral, PublicKeyToken=b03f5f7f11d50a3a" className="GMSBlog.Model.Tests.CategoryTests, GMSBlog.Model.Tests" name="Category_Should_Have_List_Of_Posts" />
    </UnitTest>
    <UnitTest name="AdminController_Has_An_Add_Post_Post_Method_Accepting_A_Post_Object_And_Can_Assign_Categories" storage="c:\projects\gmsblog\gmsblog.web.tests\bin\debug\gmsblog.web.tests.dll" id="6b67f5ab-2442-738a-0010-8b265a04a178">
      <Css projectStructure="" iteration="" />
      <Owners>
        <Owner name="" />
      </Owners>
      <Execution id="5a1691bc-0d25-45e5-9888-341fd4c12097" />
      <TestMethod codeBase="C:\Projects\GMSBlog\GMSBlog.Web.Tests\bin\Debug\GMSBlog.Web.Tests.dll" adapterTypeName="Microsoft.VisualStudio.TestTools.TestTypes.Unit.UnitTestAdapter, Microsoft.VisualStudio.QualityTools.Tips.UnitTest.Adapter, Version=9.0.0.0, Culture=neutral, PublicKeyToken=b03f5f7f11d50a3a" className="GMSBlog.Web.Tests.Controllers.AdminControllerTests, GMSBlog.Web.Tests" name="AdminController_Has_An_Add_Post_Post_Method_Accepting_A_Post_Object_And_Can_Assign_Categories" />
    </UnitTest>
    <UnitTest name="Can_Create_Repository" storage="c:\projects\gmsblog\gmsblog.service.tests\bin\debug\gmsblog.service.tests.dll" id="ef688f1d-bfc3-897d-5fbe-f84fca064f65">
      <Css projectStructure="" iteration="" />
      <Owners>
        <Owner name="" />
      </Owners>
      <Execution id="76ce79b2-68b2-4aad-b509-d2311c9a6b09" />
      <TestMethod codeBase="C:\Projects\GMSBlog\GMSBlog.Service.Tests\bin\Debug\GMSBlog.Service.Tests.dll" adapterTypeName="Microsoft.VisualStudio.TestTools.TestTypes.Unit.UnitTestAdapter, Microsoft.VisualStudio.QualityTools.Tips.UnitTest.Adapter, Version=9.0.0.0, Culture=neutral, PublicKeyToken=b03f5f7f11d50a3a" className="GMSBlog.Service.Tests.NHibernateServiceTests, GMSBlog.Service.Tests" name="Can_Create_Repository" />
    </UnitTest>
    <UnitTest name="Post_Contains_IsPublished" storage="c:\projects\gmsblog\gmsblog.model.tests\bin\debug\gmsblog.model.tests.dll" id="52108306-4f19-cdb8-2401-9473ab0bf2b6">
      <Css projectStructure="" iteration="" />
      <Owners>
        <Owner name="" />
      </Owners>
      <Execution id="0475cea3-933c-4479-87e7-bc3ae39f06cb" />
      <TestMethod codeBase="C:\Projects\GMSBlog\GMSBlog.Model.Tests\bin\Debug\GMSBlog.Model.Tests.dll" adapterTypeName="Microsoft.VisualStudio.TestTools.TestTypes.Unit.UnitTestAdapter, Microsoft.VisualStudio.QualityTools.Tips.UnitTest.Adapter, Version=9.0.0.0, Culture=neutral, PublicKeyToken=b03f5f7f11d50a3a" className="GMSBlog.Model.Tests.PostTests, GMSBlog.Model.Tests" name="Post_Contains_IsPublished" />
    </UnitTest>
    <UnitTest name="Comment_Class_Exists" storage="c:\projects\gmsblog\gmsblog.model.tests\bin\debug\gmsblog.model.tests.dll" id="db37af5c-e25a-376b-2a45-b979f45a84fb">
      <Css projectStructure="" iteration="" />
      <Owners>
        <Owner name="" />
      </Owners>
      <Execution id="eaea3ecb-a118-451e-a425-951cf40c2d66" />
      <TestMethod codeBase="C:\Projects\GMSBlog\GMSBlog.Model.Tests\bin\Debug\GMSBlog.Model.Tests.dll" adapterTypeName="Microsoft.VisualStudio.TestTools.TestTypes.Unit.UnitTestAdapter, Microsoft.VisualStudio.QualityTools.Tips.UnitTest.Adapter, Version=9.0.0.0, Culture=neutral, PublicKeyToken=b03f5f7f11d50a3a" className="GMSBlog.Model.Tests.CommentTests, GMSBlog.Model.Tests" name="Comment_Class_Exists" />
    </UnitTest>
    <UnitTest name="Category_Has_Name" storage="c:\projects\gmsblog\gmsblog.model.tests\bin\debug\gmsblog.model.tests.dll" id="62d49be8-fced-0511-c40b-35ad07e661a1">
      <Css projectStructure="" iteration="" />
      <Owners>
        <Owner name="" />
      </Owners>
      <Execution id="76e2128f-db21-483a-9b3e-af3784259f8b" />
      <TestMethod codeBase="C:\Projects\GMSBlog\GMSBlog.Model.Tests\bin\Debug\GMSBlog.Model.Tests.dll" adapterTypeName="Microsoft.VisualStudio.TestTools.TestTypes.Unit.UnitTestAdapter, Microsoft.VisualStudio.QualityTools.Tips.UnitTest.Adapter, Version=9.0.0.0, Culture=neutral, PublicKeyToken=b03f5f7f11d50a3a" className="GMSBlog.Model.Tests.CategoryTests, GMSBlog.Model.Tests" name="Category_Has_Name" />
    </UnitTest>
    <UnitTest name="Comment_Has_Content" storage="c:\projects\gmsblog\gmsblog.model.tests\bin\debug\gmsblog.model.tests.dll" id="f2f204a5-0244-5544-ca39-520e59997146">
      <Css projectStructure="" iteration="" />
      <Owners>
        <Owner name="" />
      </Owners>
      <Execution id="69d3be0e-853e-4627-aa65-49534f59d57d" />
      <TestMethod codeBase="C:\Projects\GMSBlog\GMSBlog.Model.Tests\bin\Debug\GMSBlog.Model.Tests.dll" adapterTypeName="Microsoft.VisualStudio.TestTools.TestTypes.Unit.UnitTestAdapter, Microsoft.VisualStudio.QualityTools.Tips.UnitTest.Adapter, Version=9.0.0.0, Culture=neutral, PublicKeyToken=b03f5f7f11d50a3a" className="GMSBlog.Model.Tests.CommentTests, GMSBlog.Model.Tests" name="Comment_Has_Content" />
    </UnitTest>
    <UnitTest name="AdminController_List_Post_Method_Without_A_Page_Number_Gets_Page_1" storage="c:\projects\gmsblog\gmsblog.web.tests\bin\debug\gmsblog.web.tests.dll" id="19c979cd-0649-8bf2-8edf-a6206db3a168">
      <Css projectStructure="" iteration="" />
      <Owners>
        <Owner name="" />
      </Owners>
      <Execution id="922623a6-744c-45e4-a503-d16db03cc6b3" />
      <TestMethod codeBase="C:\Projects\GMSBlog\GMSBlog.Web.Tests\bin\Debug\GMSBlog.Web.Tests.dll" adapterTypeName="Microsoft.VisualStudio.TestTools.TestTypes.Unit.UnitTestAdapter, Microsoft.VisualStudio.QualityTools.Tips.UnitTest.Adapter, Version=9.0.0.0, Culture=neutral, PublicKeyToken=b03f5f7f11d50a3a" className="GMSBlog.Web.Tests.Controllers.AdminControllerTests, GMSBlog.Web.Tests" name="AdminController_List_Post_Method_Without_A_Page_Number_Gets_Page_1" />
    </UnitTest>
    <UnitTest name="DateUpdated_Should_Change_If_Content_Is_Modified_Later" storage="c:\projects\gmsblog\gmsblog.model.tests\bin\debug\gmsblog.model.tests.dll" id="4cebad5e-1be8-f61d-d30c-cf77975a13a8">
      <Css projectStructure="" iteration="" />
      <Owners>
        <Owner name="" />
      </Owners>
      <Execution id="dcb7766a-1253-4fd8-a33d-f6bd81c0151b" />
      <TestMethod codeBase="C:\Projects\GMSBlog\GMSBlog.Model.Tests\bin\Debug\GMSBlog.Model.Tests.dll" adapterTypeName="Microsoft.VisualStudio.TestTools.TestTypes.Unit.UnitTestAdapter, Microsoft.VisualStudio.QualityTools.Tips.UnitTest.Adapter, Version=9.0.0.0, Culture=neutral, PublicKeyToken=b03f5f7f11d50a3a" className="GMSBlog.Model.Tests.PostTests, GMSBlog.Model.Tests" name="DateUpdated_Should_Change_If_Content_Is_Modified_Later" />
    </UnitTest>
    <UnitTest name="Can_Retrieve_Saved_Comment_And_It_Is_Correct" storage="c:\projects\gmsblog\gmsblog.service.tests\bin\debug\gmsblog.service.tests.dll" id="537dc289-d676-cf39-74fc-ad0d94e8cb53">
      <Css projectStructure="" iteration="" />
      <Owners>
        <Owner name="" />
      </Owners>
      <Execution id="f602afab-2991-4a9a-b96f-a85b6751eb35" />
      <TestMethod codeBase="C:\Projects\GMSBlog\GMSBlog.Service.Tests\bin\Debug\GMSBlog.Service.Tests.dll" adapterTypeName="Microsoft.VisualStudio.TestTools.TestTypes.Unit.UnitTestAdapter, Microsoft.VisualStudio.QualityTools.Tips.UnitTest.Adapter, Version=9.0.0.0, Culture=neutral, PublicKeyToken=b03f5f7f11d50a3a" className="GMSBlog.Service.Tests.NHibernateServiceTests, GMSBlog.Service.Tests" name="Can_Retrieve_Saved_Comment_And_It_Is_Correct" />
    </UnitTest>
    <UnitTest name="Post_Has_Id" storage="c:\projects\gmsblog\gmsblog.model.tests\bin\debug\gmsblog.model.tests.dll" id="55e98648-61d2-923f-4ae9-a6df0bcefbed">
      <Css projectStructure="" iteration="" />
      <Owners>
        <Owner name="" />
      </Owners>
      <Execution id="d11252c0-cd61-466d-8042-6aeaad54eb2e" />
      <TestMethod codeBase="C:\Projects\GMSBlog\GMSBlog.Model.Tests\bin\Debug\GMSBlog.Model.Tests.dll" adapterTypeName="Microsoft.VisualStudio.TestTools.TestTypes.Unit.UnitTestAdapter, Microsoft.VisualStudio.QualityTools.Tips.UnitTest.Adapter, Version=9.0.0.0, Culture=neutral, PublicKeyToken=b03f5f7f11d50a3a" className="GMSBlog.Model.Tests.PostTests, GMSBlog.Model.Tests" name="Post_Has_Id" />
    </UnitTest>
    <UnitTest name="Post_Is_Invalid_When_Title_Is_Empty" storage="c:\projects\gmsblog\gmsblog.model.tests\bin\debug\gmsblog.model.tests.dll" id="d5a39874-4331-5a6e-f24a-b23a12ee4421">
      <Css projectStructure="" iteration="" />
      <Owners>
        <Owner name="" />
      </Owners>
      <Execution id="781c9e0f-9ccf-4f92-bc02-3d552c44f394" />
      <TestMethod codeBase="C:\Projects\GMSBlog\GMSBlog.Model.Tests\bin\Debug\GMSBlog.Model.Tests.dll" adapterTypeName="Microsoft.VisualStudio.TestTools.TestTypes.Unit.UnitTestAdapter, Microsoft.VisualStudio.QualityTools.Tips.UnitTest.Adapter, Version=9.0.0.0, Culture=neutral, PublicKeyToken=b03f5f7f11d50a3a" className="GMSBlog.Model.Tests.PostTests, GMSBlog.Model.Tests" name="Post_Is_Invalid_When_Title_Is_Empty" />
    </UnitTest>
    <UnitTest name="AdminController_List_Post_Method_Accepts_A_Page_Number" storage="c:\projects\gmsblog\gmsblog.web.tests\bin\debug\gmsblog.web.tests.dll" id="755343b5-f71b-d84e-526c-10ea5abe668e">
      <Css projectStructure="" iteration="" />
      <Owners>
        <Owner name="" />
      </Owners>
[...]
      <Output>
      </Output>
    </UnitTestResult>
    <UnitTestResult executionId="32b7a2b0-7460-4084-919b-6f9a619a1296" testId="c7208b4d-9381-19b9-173e-85d34483d8e8" testName="Home_Controller_Has_An_Action_Named_Category_Which_Accepts_An_Id_And_Returns_Posts_In_The_Category" computerName="GARY-PC" duration="00:00:00.1289761" startTime="2010-01-24T23:52:15.8124600+00:00" endTime="2010-01-24T23:52:15.9434675+00:00" testType="13cdc9d9-ddb5-4fa4-a97d-d965ccfc6d4b" outcome="Passed" testListId="8c84fa94-04c1-424b-9868-57a2d4851a1d">
      <Output>
      </Output>
    </UnitTestResult>
    <UnitTestResult executionId="87418bda-67b0-48cc-b7e3-a0f521122f44" testId="c9b16702-c2c1-2d71-7281-87d6e5ab374a" testName="Can_Add_Comments_To_Post" computerName="GARY-PC" duration="00:00:00.0003397" startTime="2010-01-24T23:52:15.9444675+00:00" endTime="2010-01-24T23:52:15.9464676+00:00" testType="13cdc9d9-ddb5-4fa4-a97d-d965ccfc6d4b" outcome="Passed" testListId="8c84fa94-04c1-424b-9868-57a2d4851a1d">
      <Output>
      </Output>
    </UnitTestResult>
    <UnitTestResult executionId="3e14dfd1-0c4a-431c-8763-3e513b7ad575" testId="cde846e5-aef2-c132-f458-e9c735d0d4d6" testName="AdminController_Contains_Index_Method" computerName="GARY-PC" duration="00:00:00.0014460" startTime="2010-01-24T23:52:15.9464676+00:00" endTime="2010-01-24T23:52:15.9494678+00:00" testType="13cdc9d9-ddb5-4fa4-a97d-d965ccfc6d4b" outcome="Passed" testListId="8c84fa94-04c1-424b-9868-57a2d4851a1d">
      <Output>
      </Output>
    </UnitTestResult>
    <UnitTestResult executionId="20e15dc5-a598-47b9-8f41-01cafd67adae" testId="ce2eecc0-a01e-cd7b-e0e5-e5915578fc6e" testName="AdminController_Has_An_Add_Category_Post_Method" computerName="GARY-PC" duration="00:00:00.0032714" startTime="2010-01-24T23:52:15.9504679+00:00" endTime="2010-01-24T23:52:15.9554682+00:00" testType="13cdc9d9-ddb5-4fa4-a97d-d965ccfc6d4b" outcome="Passed" testListId="8c84fa94-04c1-424b-9868-57a2d4851a1d">
      <Output>
      </Output>
    </UnitTestResult>
    <UnitTestResult executionId="01466e32-b166-43ab-8aa1-e6db70e1fe56" testId="cfe9d52d-ff74-01e2-1f29-774daa760f6a" testName="Categories_ViewData_Retreives_Live_Categories_In_Order_Of_No_Of_Posts_Descending_Not_Counting_UnPublished" computerName="GARY-PC" duration="00:00:00.2347689" startTime="2010-01-24T23:52:15.9554682+00:00" endTime="2010-01-24T23:52:16.1924817+00:00" testType="13cdc9d9-ddb5-4fa4-a97d-d965ccfc6d4b" outcome="Passed" testListId="8c84fa94-04c1-424b-9868-57a2d4851a1d">
      <Output>
      </Output>
    </UnitTestResult>
    <UnitTestResult executionId="f6c53ef2-07e5-440b-9590-da97992ea7c6" testId="d23a6a9a-553d-d359-a21e-ff2c7f5ec220" testName="Comment_Implements_IValidated" computerName="GARY-PC" duration="00:00:00.0001792" startTime="2010-01-24T23:52:16.1924817+00:00" endTime="2010-01-24T23:52:16.1944818+00:00" testType="13cdc9d9-ddb5-4fa4-a97d-d965ccfc6d4b" outcome="Passed" testListId="8c84fa94-04c1-424b-9868-57a2d4851a1d">
      <Output>
      </Output>
    </UnitTestResult>
    <UnitTestResult executionId="781c9e0f-9ccf-4f92-bc02-3d552c44f394" testId="d5a39874-4331-5a6e-f24a-b23a12ee4421" testName="Post_Is_Invalid_When_Title_Is_Empty" computerName="GARY-PC" duration="00:00:00.0001638" startTime="2010-01-24T23:52:16.1954819+00:00" endTime="2010-01-24T23:52:16.1964819+00:00" testType="13cdc9d9-ddb5-4fa4-a97d-d965ccfc6d4b" outcome="Passed" testListId="8c84fa94-04c1-424b-9868-57a2d4851a1d">
      <Output>
      </Output>
    </UnitTestResult>
    <UnitTestResult executionId="b36334e9-d8bb-40dd-86fe-a32dcd72fc2a" testId="d6e4c2c6-ad2e-c85c-ee36-253ddaa335f0" testName="Can_Get_Posts_By_Category_Id_Paged_And_It_Works_Correctly" computerName="GARY-PC" duration="00:00:00.4893357" startTime="2010-01-24T23:52:16.1974820+00:00" endTime="2010-01-24T23:52:16.6885101+00:00" testType="13cdc9d9-ddb5-4fa4-a97d-d965ccfc6d4b" outcome="Passed" testListId="8c84fa94-04c1-424b-9868-57a2d4851a1d">
      <Output>
      </Output>
    </UnitTestResult>
    <UnitTestResult executionId="eaea3ecb-a118-451e-a425-951cf40c2d66" testId="db37af5c-e25a-376b-2a45-b979f45a84fb" testName="Comment_Class_Exists" computerName="GARY-PC" duration="00:00:00.0001677" startTime="2010-01-24T23:52:16.6885101+00:00" endTime="2010-01-24T23:52:16.6915103+00:00" testType="13cdc9d9-ddb5-4fa4-a97d-d965ccfc6d4b" outcome="Passed" testListId="8c84fa94-04c1-424b-9868-57a2d4851a1d">
      <Output>
      </Output>
    </UnitTestResult>
    <UnitTestResult executionId="7713a0ad-4b82-49d9-84f8-02c972b1c7c6" testId="db506d3b-ad67-d86b-e5ff-dc815f2df952" testName="Can_Initialise_The_Session_Factory" computerName="GARY-PC" duration="00:00:00.1476479" startTime="2010-01-24T23:52:16.6915103+00:00" endTime="2010-01-24T23:52:16.8415188+00:00" testType="13cdc9d9-ddb5-4fa4-a97d-d965ccfc6d4b" outcome="Passed" testListId="8c84fa94-04c1-424b-9868-57a2d4851a1d">
      <Output>
      </Output>
    </UnitTestResult>
    <UnitTestResult executionId="cc923b33-14c1-461a-9060-2761e2864749" testId="dbaa9a82-0cb8-738e-e1b8-c1671d6ac157" testName="Can_Delete_Comment" computerName="GARY-PC" duration="00:00:00.0920105" startTime="2010-01-24T23:52:16.8415188+00:00" endTime="2010-01-24T23:52:16.9355242+00:00" testType="13cdc9d9-ddb5-4fa4-a97d-d965ccfc6d4b" outcome="Passed" testListId="8c84fa94-04c1-424b-9868-57a2d4851a1d">
      <Output>
      </Output>
    </UnitTestResult>
    <UnitTestResult executionId="ca061a31-b88c-4f0f-9a6c-d89a5ff6d7b5" testId="de3ec123-0226-86aa-615e-23eeefd103f2" testName="Can_Save_Category" computerName="GARY-PC" duration="00:00:00.0790264" startTime="2010-01-24T23:52:16.9365243+00:00" endTime="2010-01-24T23:52:17.0175289+00:00" testType="13cdc9d9-ddb5-4fa4-a97d-d965ccfc6d4b" outcome="Passed" testListId="8c84fa94-04c1-424b-9868-57a2d4851a1d">
      <Output>
      </Output>
    </UnitTestResult>
    <UnitTestResult executionId="600e7918-8b19-4125-8b87-428da79a4c1e" testId="deec294f-b980-7101-00e6-34498f6f3ed7" testName="RuleViolation_Contains_Violation_String" computerName="GARY-PC" duration="00:00:00.0002443" startTime="2010-01-24T23:52:17.0185290+00:00" endTime="2010-01-24T23:52:17.0205291+00:00" testType="13cdc9d9-ddb5-4fa4-a97d-d965ccfc6d4b" outcome="Passed" testListId="8c84fa94-04c1-424b-9868-57a2d4851a1d">
      <Output>
      </Output>
    </UnitTestResult>
    <UnitTestResult executionId="62f26cf9-79d3-4906-92ad-3e5e498d3605" testId="df78a2f8-1859-93b6-381c-ed1011b82de7" testName="HomeController_Has_A_Post_Method_Which_Accepts_An_Id" computerName="GARY-PC" duration="00:00:00.0118036" startTime="2010-01-24T23:52:17.0205291+00:00" endTime="2010-01-24T23:52:17.0335298+00:00" testType="13cdc9d9-ddb5-4fa4-a97d-d965ccfc6d4b" outcome="Passed" testListId="8c84fa94-04c1-424b-9868-57a2d4851a1d">
      <Output>
      </Output>
    </UnitTestResult>
    <UnitTestResult executionId="cad3af70-0522-4998-a114-6f4fbc880ca9" testId="e1ef2af7-c2e3-aeab-1cc4-1cffbf677559" testName="Post_Is_Invalid_When_Summary_Is_Empty" computerName="GARY-PC" duration="00:00:00.0001775" startTime="2010-01-24T23:52:17.0345299+00:00" endTime="2010-01-24T23:52:17.0365300+00:00" testType="13cdc9d9-ddb5-4fa4-a97d-d965ccfc6d4b" outcome="Passed" testListId="8c84fa94-04c1-424b-9868-57a2d4851a1d">
      <Output>
      </Output>
    </UnitTestResult>
    <UnitTestResult executionId="bebb2a12-b4d8-4a8e-9995-2a17a8c74639" testId="e26f7551-1711-68a2-ee31-19c4197922a3" testName="AdminController_Has_An_Edit_Post_Post_Method_Accepting_A_Post_Object_Which_Saves_Modifications" computerName="GARY-PC" duration="00:00:00.1721501" startTime="2010-01-24T23:52:17.0365300+00:00" endTime="2010-01-24T23:52:17.2105399+00:00" testType="13cdc9d9-ddb5-4fa4-a97d-d965ccfc6d4b" outcome="Passed" testListId="8c84fa94-04c1-424b-9868-57a2d4851a1d">
      <Output>
      </Output>
    </UnitTestResult>
    <UnitTestResult executionId="c2f349bf-26e0-443b-af59-932459f34713" testId="e29aaffd-ff96-d9ae-4e85-8b823eb3c4d4" testName="Can_Get_Posts_By_Category_Id" computerName="GARY-PC" duration="00:00:00.1125541" startTime="2010-01-24T23:52:17.2115400+00:00" endTime="2010-01-24T23:52:17.3265466+00:00" testType="13cdc9d9-ddb5-4fa4-a97d-d965ccfc6d4b" outcome="Passed" testListId="8c84fa94-04c1-424b-9868-57a2d4851a1d">
      <Output>
      </Output>
    </UnitTestResult>
    <UnitTestResult executionId="978707ed-785a-4538-ad73-f841abf63bd6" testId="e2bcc523-d014-606e-428f-3d39ab4d536e" testName="Can_Associate_Posts_And_Comments" computerName="GARY-PC" duration="00:00:00.0909156" startTime="2010-01-24T23:52:17.3265466+00:00" endTime="2010-01-24T23:52:17.4195519+00:00" testType="13cdc9d9-ddb5-4fa4-a97d-d965ccfc6d4b" outcome="Passed" testListId="8c84fa94-04c1-424b-9868-57a2d4851a1d">
      <Output>
      </Output>
    </UnitTestResult>
    <UnitTestResult executionId="e7f5b869-5fce-48bd-9a63-eb695bf0f04e" testId="e3a09417-1e62-7c1a-616d-796e75317b12" testName="Post_Class_Exists" computerName="GARY-PC" duration="00:00:00.0001685" startTime="2010-01-24T23:52:17.4205520+00:00" endTime="2010-01-24T23:52:17.4225521+00:00" testType="13cdc9d9-ddb5-4fa4-a97d-d965ccfc6d4b" outcome="Passed" testListId="8c84fa94-04c1-424b-9868-57a2d4851a1d">
      <Output>
      </Output>
    </UnitTestResult>
    <UnitTestResult executionId="01523926-6de6-49e7-b126-b9175d956074" testId="e7d12625-ab67-3689-565f-a33291780c45" testName="Can_Save_Post" computerName="GARY-PC" duration="00:00:00.0853828" startTime="2010-01-24T23:52:17.4275524+00:00" endTime="2010-01-24T23:52:17.5145573+00:00" testType="13cdc9d9-ddb5-4fa4-a97d-d965ccfc6d4b" outcome="Passed" testListId="8c84fa94-04c1-424b-9868-57a2d4851a1d">
      <Output>
      </Output>
    </UnitTestResult>
    <UnitTestResult executionId="a16c409e-daab-4d40-91a0-534648dd902e" testId="e943e4dd-63f4-9f6f-8b4b-cb5700192f40" testName="Can_Return_Published_Posts_By_Category" computerName="GARY-PC" duration="00:00:00.1170034" startTime="2010-01-24T23:52:17.5155574+00:00" endTime="2010-01-24T23:52:17.6345642+00:00" testType="13cdc9d9-ddb5-4fa4-a97d-d965ccfc6d4b" outcome="Passed" testListId="8c84fa94-04c1-424b-9868-57a2d4851a1d">
      <Output>
      </Output>
    </UnitTestResult>
    <UnitTestResult executionId="15782aed-7364-463d-9327-f3ee372093b6" testId="e9550d78-96bf-9bd5-ca81-3d23b1ce95f0" testName="DateUpdated_Should_Change_If_Summary_Is_Modified_Later" computerName="GARY-PC" duration="00:00:00.0006534" startTime="2010-01-24T23:52:17.6355642+00:00" endTime="2010-01-24T23:52:17.6385644+00:00" testType="13cdc9d9-ddb5-4fa4-a97d-d965ccfc6d4b" outcome="Passed" testListId="8c84fa94-04c1-424b-9868-57a2d4851a1d">
      <Output>
      </Output>
    </UnitTestResult>
    <UnitTestResult executionId="fe9b0623-29f5-49a4-b028-62fe1ffe7946" testId="e99cda67-4306-9fc9-9abe-2aa2c45172d6" testName="DateUpdated_Should_Be_Set_On_Construction" computerName="GARY-PC" duration="00:00:00.0003456" startTime="2010-01-24T23:52:17.6385644+00:00" endTime="2010-01-24T23:52:17.6405645+00:00" testType="13cdc9d9-ddb5-4fa4-a97d-d965ccfc6d4b" outcome="Passed" testListId="8c84fa94-04c1-424b-9868-57a2d4851a1d">
      <Output>
      </Output>
    </UnitTestResult>
    <UnitTestResult executionId="b69d2971-5483-40f2-8cb3-0fdbf23e2e31" testId="eb0a8b84-8e4d-1602-2b37-e8b444b0ac49" testName="Post_Contains_Content" computerName="GARY-PC" duration="00:00:00.0002307" startTime="2010-01-24T23:52:17.6415646+00:00" endTime="2010-01-24T23:52:17.6435647+00:00" testType="13cdc9d9-ddb5-4fa4-a97d-d965ccfc6d4b" outcome="Passed" testListId="8c84fa94-04c1-424b-9868-57a2d4851a1d">
      <Output>
      </Output>
    </UnitTestResult>
    <UnitTestResult executionId="c0905240-0c44-4d50-87aa-4159051a68b7" testId="ecdd78f8-d4e4-11b9-2fdc-58dadc1be321" testName="Comment_Has_DateCreated" computerName="GARY-PC" duration="00:00:00.0014448" startTime="2010-01-24T23:52:17.6435647+00:00" endTime="2010-01-24T23:52:17.6465649+00:00" testType="13cdc9d9-ddb5-4fa4-a97d-d965ccfc6d4b" outcome="Passed" testListId="8c84fa94-04c1-424b-9868-57a2d4851a1d">
      <Output>
      </Output>
    </UnitTestResult>
    <UnitTestResult executionId="3ddcab97-f975-415d-ae13-872d0ba6a151" testId="ecf04dd8-2636-c2ba-6d18-c0bc0b6bc708" testName="Post_Is_Invalid_When_Detail_Is_Empty" computerName="GARY-PC" duration="00:00:00.0002136" startTime="2010-01-24T23:52:17.6475649+00:00" endTime="2010-01-24T23:52:17.6495651+00:00" testType="13cdc9d9-ddb5-4fa4-a97d-d965ccfc6d4b" outcome="Passed" testListId="8c84fa94-04c1-424b-9868-57a2d4851a1d">
      <Output>
      </Output>
    </UnitTestResult>
    <UnitTestResult executionId="76ce79b2-68b2-4aad-b509-d2311c9a6b09" testId="ef688f1d-bfc3-897d-5fbe-f84fca064f65" testName="Can_Create_Repository" computerName="GARY-PC" duration="00:00:00.0011544" startTime="2010-01-24T23:52:17.6495651+00:00" endTime="2010-01-24T23:52:17.6535653+00:00" testType="13cdc9d9-ddb5-4fa4-a97d-d965ccfc6d4b" outcome="Passed" testListId="8c84fa94-04c1-424b-9868-57a2d4851a1d">
      <Output>
      </Output>
    </UnitTestResult>
    <UnitTestResult executionId="69696d3a-097b-464b-81b3-b343340cac7f" testId="f09232d5-6ede-11e3-5efd-1e761348fbaf" testName="ContentLinkHelper_Contains_Stylesheet_Extension_Method" computerName="GARY-PC" duration="00:00:00.0005866" startTime="2010-01-24T23:52:17.6535653+00:00" endTime="2010-01-24T23:52:17.6565655+00:00" testType="13cdc9d9-ddb5-4fa4-a97d-d965ccfc6d4b" outcome="Passed" testListId="8c84fa94-04c1-424b-9868-57a2d4851a1d">
      <Output>
      </Output>
    </UnitTestResult>
    <UnitTestResult executionId="c4fae984-0990-4bfd-9b49-d21d66a8a6e9" testId="f2313b0c-a1f8-69de-644a-53d491f29413" testName="Can_Retrieve_Many_Saved_Posts_Paged" computerName="GARY-PC" duration="00:00:00.1161265" startTime="2010-01-24T23:52:17.6565655+00:00" endTime="2010-01-24T23:52:17.7745722+00:00" testType="13cdc9d9-ddb5-4fa4-a97d-d965ccfc6d4b" outcome="Passed" testListId="8c84fa94-04c1-424b-9868-57a2d4851a1d">
      <Output>
      </Output>
    </UnitTestResult>
    <UnitTestResult executionId="69d3be0e-853e-4627-aa65-49534f59d57d" testId="f2f204a5-0244-5544-ca39-520e59997146" testName="Comment_Has_Content" computerName="GARY-PC" duration="00:00:00.0002920" startTime="2010-01-24T23:52:17.7755723+00:00" endTime="2010-01-24T23:52:17.7775724+00:00" testType="13cdc9d9-ddb5-4fa4-a97d-d965ccfc6d4b" outcome="Passed" testListId="8c84fa94-04c1-424b-9868-57a2d4851a1d">
      <Output>
      </Output>
    </UnitTestResult>
    <UnitTestResult executionId="13c68d67-3d57-4562-8009-b6934cc9a723" testId="f5baca3c-2e2d-1fb5-ec96-be3ab66baa7a" testName="Comment_Is_Invalid_When_Content_Is_Empty" computerName="GARY-PC" duration="00:00:00.0001851" startTime="2010-01-24T23:52:17.7785724+00:00" endTime="2010-01-24T23:52:17.7795725+00:00" testType="13cdc9d9-ddb5-4fa4-a97d-d965ccfc6d4b" outcome="Passed" testListId="8c84fa94-04c1-424b-9868-57a2d4851a1d">
      <Output>
      </Output>
    </UnitTestResult>
    <UnitTestResult executionId="d432aaf4-2397-497b-a7aa-eca6c4629296" testId="f5eceb35-b389-955c-dfaa-c45122173b2c" testName="DateUpdated_Should_Not_Change_If_Post_Is_Published" computerName="GARY-PC" duration="00:00:00.0007534" startTime="2010-01-24T23:52:17.7795725+00:00" endTime="2010-01-24T23:52:17.7825727+00:00" testType="13cdc9d9-ddb5-4fa4-a97d-d965ccfc6d4b" outcome="Passed" testListId="8c84fa94-04c1-424b-9868-57a2d4851a1d">
      <Output>
      </Output>
    </UnitTestResult>
    <UnitTestResult executionId="b343897a-15a6-4e09-832e-765f2f6b5fa7" testId="f62513e9-daa3-5dff-eb26-405dbf4eb850" testName="AdminController_Has_An_Edit_Post_Get_Method_Which_Accepts_An_Id_And_Returns_The_Post_With_That_Id" computerName="GARY-PC" duration="00:00:00.1149822" startTime="2010-01-24T23:52:17.7825727+00:00" endTime="2010-01-24T23:52:17.8995794+00:00" testType="13cdc9d9-ddb5-4fa4-a97d-d965ccfc6d4b" outcome="Passed" testListId="8c84fa94-04c1-424b-9868-57a2d4851a1d">
      <Output>
      </Output>
    </UnitTestResult>
    <UnitTestResult executionId="cc8330c1-8eee-4e63-8d76-6b160c558afb" testId="f7081fff-4b89-12ee-a2cf-a8e484d9e0c7" testName="Category_Has_Id" computerName="GARY-PC" duration="00:00:00.0005644" startTime="2010-01-24T23:52:17.8995794+00:00" endTime="2010-01-24T23:52:17.9025795+00:00" testType="13cdc9d9-ddb5-4fa4-a97d-d965ccfc6d4b" outcome="Passed" testListId="8c84fa94-04c1-424b-9868-57a2d4851a1d">
      <Output>
      </Output>
    </UnitTestResult>
    <UnitTestResult executionId="8b4f56df-b90c-4570-9f97-abb019f828ed" testId="f74afb4b-ddfd-2903-020a-d2b3ac75deda" testName="AdminController_Has_An_Edit_Post_Get_Method_Which_Accepts_An_Id" computerName="GARY-PC" duration="00:00:00.0048861" startTime="2010-01-24T23:52:17.9035796+00:00" endTime="2010-01-24T23:52:17.9105800+00:00" testType="13cdc9d9-ddb5-4fa4-a97d-d965ccfc6d4b" outcome="Passed" testListId="8c84fa94-04c1-424b-9868-57a2d4851a1d">
      <Output>
      </Output>
    </UnitTestResult>
    <UnitTestResult executionId="28dcf562-1eb0-42dd-97fa-02ad1da3735d" testId="f7f77308-f46c-3dbc-bd1d-5e5830027c05" testName="Post_Can_Have_Categories_Assigned" computerName="GARY-PC" duration="00:00:00.0004925" startTime="2010-01-24T23:52:17.9115800+00:00" endTime="2010-01-24T23:52:17.9135802+00:00" testType="13cdc9d9-ddb5-4fa4-a97d-d965ccfc6d4b" outcome="Passed" testListId="8c84fa94-04c1-424b-9868-57a2d4851a1d">
      <Output>
      </Output>
    </UnitTestResult>
    <UnitTestResult executionId="02d47332-850a-40ae-845e-cab9e1812da5" testId="f85f7a9f-04fd-ffb7-a11e-119a35a7fe39" testName="AdminController_Has_An_Add_Category_Post_Method_Which_On_Success_Redirects_To_Categories" computerName="GARY-PC" duration="00:00:00.0051015" startTime="2010-01-24T23:52:17.9145802+00:00" endTime="2010-01-24T23:52:17.9215806+00:00" testType="13cdc9d9-ddb5-4fa4-a97d-d965ccfc6d4b" outcome="Passed" testListId="8c84fa94-04c1-424b-9868-57a2d4851a1d">
      <Output>
      </Output>
    </UnitTestResult>
    <UnitTestResult executionId="807f7886-704d-4691-a0d7-fc5640fff025" testId="fcc8833a-034c-fc07-4794-9da7453369ad" testName="HomeController_Has_Index_Method_Which_Accepts_A_Page_Number" computerName="GARY-PC" duration="00:00:00.0126461" startTime="2010-01-24T23:52:17.9215806+00:00" endTime="2010-01-24T23:52:17.9365815+00:00" testType="13cdc9d9-ddb5-4fa4-a97d-d965ccfc6d4b" outcome="Passed" testListId="8c84fa94-04c1-424b-9868-57a2d4851a1d">
      <Output>
      </Output>
    </UnitTestResult>
    <UnitTestResult executionId="a734673a-f371-43b2-9c8d-91aa42c1cb68" testId="fde69d3e-dfc7-0033-2e34-edbeeba70e84" testName="DateUpdated_Should_Change_If_Title_Is_Modified_Later" computerName="GARY-PC" duration="00:00:00.0010625" startTime="2010-01-24T23:52:17.9375815+00:00" endTime="2010-01-24T23:52:17.9405817+00:00" testType="13cdc9d9-ddb5-4fa4-a97d-d965ccfc6d4b" outcome="Passed" testListId="8c84fa94-04c1-424b-9868-57a2d4851a1d">
      <Output>
      </Output>
    </UnitTestResult>
    <UnitTestResult executionId="9d83fa52-1972-4d1f-87ee-235af474cb55" testId="fea12728-1b0a-3b2c-5019-11054f81d69e" testName="About" computerName="GARY-PC" duration="00:00:00.0030258" startTime="2010-01-24T23:52:17.9405817+00:00" endTime="2010-01-24T23:52:17.9455820+00:00" testType="13cdc9d9-ddb5-4fa4-a97d-d965ccfc6d4b" outcome="Passed" testListId="8c84fa94-04c1-424b-9868-57a2d4851a1d">
      <Output>
      </Output>
    </UnitTestResult>
    <UnitTestResult executionId="ae26ec70-2fe8-4178-8bda-7a3bf4c22c37" testId="fee823ff-49d0-3845-64a4-002e90fa9070" testName="Javascript_Returns_Valid_Output" computerName="GARY-PC" duration="00:00:00.0003218" startTime="2010-01-24T23:52:17.9465820+00:00" endTime="2010-01-24T23:52:17.9485822+00:00" testType="13cdc9d9-ddb5-4fa4-a97d-d965ccfc6d4b" outcome="Passed" testListId="8c84fa94-04c1-424b-9868-57a2d4851a1d">
      <Output>
      </Output>
    </UnitTestResult>
  </Results>
</TestRun>